2025-08-09 21:10:15,584 - breeze_api - INFO - Starting Breeze Trading API
2025-08-09 21:10:15,585 - breeze_api - INFO - CORS origins: ['http://localhost:3000']
2025-08-09 21:10:15,586 - breeze_api - INFO - Session expiry hours: 24
2025-08-09 21:10:15,586 - breeze_api - INFO - Server rate limit: 100 / 3600s
2025-08-09 21:10:15,586 - breeze_api - INFO - Breeze rate limit: 100 / 60s
2025-08-09 21:10:15,589 - breeze_api - INFO - Loaded 18 holidays for 2025 from JSON
2025-08-09 21:10:33,530 - breeze_api - INFO - Login attempt for API key prefix: _3Dd2132...
2025-08-09 21:10:39,188 - APILogger - DEBUG - <Response [200]>
2025-08-09 21:10:39,189 - APILogger - DEBUG - Customer Details response: {'Success': {'exg_trade_date': {'NSE': '11-Aug-2025', 'BSE': '11-Aug-2025', 'FNO': '11-Aug-2025', 'NDX': '19-May-2025'}, 'exg_status': {'NSE': 'C', 'BSE': 'C', 'FNO': 'Y', 'NDX': 'X'}, 'segments_allowed': {'Trading': 'Y', 'Equity': 'Y', 'Derivatives': 'Y', 'Currency': 'Z'}, 'idirect_userid': 'AE585479', 'idirect_user_name': 'VIJAY WILSON NIRMAL', 'idirect_ORD_TYP': 'N', 'idirect_lastlogin_time': '09-Aug-2025 21:10:39', 'mf_holding_mode_popup_flg': 'N', 'commodity_exchange_status': 'Y', 'commodity_trade_date': '11-Aug-2025', 'commodity_allowed': 'C'}, 'Status': 200, 'Error': None}
2025-08-09 21:10:39,190 - breeze_api - INFO - Session created for token prefix: 52546102...
2025-08-09 21:10:40,160 - APILogger - DEBUG - Get Historical data V2 response
2025-08-09 21:10:40,366 - APILogger - DEBUG - Get Historical data V2 response
2025-08-09 21:10:40,551 - APILogger - DEBUG - Get Historical data V2 response
2025-08-09 21:10:40,722 - APILogger - DEBUG - Get Historical data V2 response
2025-08-09 21:10:40,922 - APILogger - DEBUG - Get Historical data V2 response
2025-08-09 21:10:41,124 - APILogger - DEBUG - Get Historical data V2 response
2025-08-09 21:10:41,324 - APILogger - DEBUG - Get Historical data V2 response
2025-08-09 21:10:41,520 - APILogger - DEBUG - Get Historical data V2 response
2025-08-10 03:01:00,372 - breeze_api - INFO - Starting Breeze Trading API
2025-08-10 03:01:00,373 - breeze_api - INFO - CORS origins: ['http://localhost:3000']
2025-08-10 03:01:00,373 - breeze_api - INFO - Session expiry hours: 24
2025-08-10 03:01:00,373 - breeze_api - INFO - Server rate limit: 100 / 3600s
2025-08-10 03:01:00,374 - breeze_api - INFO - Breeze rate limit: 100 / 60s
2025-08-10 03:01:00,386 - breeze_api - INFO - Loaded 18 holidays for 2025 from JSON
2025-08-10 03:01:00,446 - breeze_api - INFO - Loaded 16409 instruments into memory
2025-08-10 03:01:00,579 - apscheduler.scheduler - INFO - Adding job tentatively -- it will be properly scheduled when the scheduler starts
2025-08-10 03:01:00,581 - apscheduler.scheduler - INFO - Added job "build_screener_cache_job" to job store "default"
2025-08-10 03:01:00,582 - apscheduler.scheduler - INFO - Scheduler started
2025-08-10 03:01:00,582 - breeze_api - INFO - APScheduler started: daily screener build at 15:40 IST, Mon–Fri
2025-08-10 03:01:24,351 - breeze_api - INFO - Starting Breeze Trading API
2025-08-10 03:01:24,351 - breeze_api - INFO - CORS origins: ['http://localhost:3000']
2025-08-10 03:01:24,351 - breeze_api - INFO - Session expiry hours: 24
2025-08-10 03:01:24,352 - breeze_api - INFO - Server rate limit: 100 / 3600s
2025-08-10 03:01:24,352 - breeze_api - INFO - Breeze rate limit: 100 / 60s
2025-08-10 03:01:24,354 - breeze_api - INFO - Loaded 18 holidays for 2025 from JSON
2025-08-10 03:01:24,399 - breeze_api - INFO - Loaded 16409 instruments into memory
2025-08-10 03:01:24,506 - apscheduler.scheduler - INFO - Adding job tentatively -- it will be properly scheduled when the scheduler starts
2025-08-10 03:01:24,507 - apscheduler.scheduler - INFO - Added job "build_screener_cache_job" to job store "default"
2025-08-10 03:01:24,507 - apscheduler.scheduler - INFO - Scheduler started
2025-08-10 03:01:24,508 - breeze_api - INFO - APScheduler started: daily screener build at 15:40 IST, Mon–Fri
2025-08-10 03:02:18,372 - breeze_api - INFO - Login attempt for API key prefix: _3Dd2132...
2025-08-10 03:02:24,338 - APILogger - DEBUG - <Response [200]>
2025-08-10 03:02:24,339 - APILogger - DEBUG - Customer Details response: {'Success': {'exg_trade_date': {'NSE': '11-Aug-2025', 'BSE': '11-Aug-2025', 'FNO': '11-Aug-2025', 'NDX': '19-May-2025'}, 'exg_status': {'NSE': 'C', 'BSE': 'C', 'FNO': 'Y', 'NDX': 'X'}, 'segments_allowed': {'Trading': 'Y', 'Equity': 'Y', 'Derivatives': 'Y', 'Currency': 'Z'}, 'idirect_userid': 'AE585479', 'idirect_user_name': 'VIJAY WILSON NIRMAL', 'idirect_ORD_TYP': 'N', 'idirect_lastlogin_time': '10-Aug-2025 03:02:24', 'mf_holding_mode_popup_flg': 'N', 'commodity_exchange_status': 'Y', 'commodity_trade_date': '11-Aug-2025', 'commodity_allowed': 'C'}, 'Status': 200, 'Error': None}
2025-08-10 03:02:24,340 - breeze_api - INFO - Session created for token prefix: 52547203...
2025-08-10 03:02:25,065 - APILogger - DEBUG - Get Historical data V2 response
2025-08-10 03:02:25,283 - APILogger - DEBUG - Get Historical data V2 response
2025-08-10 03:02:25,468 - APILogger - DEBUG - Get Historical data V2 response
2025-08-10 03:02:25,675 - APILogger - DEBUG - Get Historical data V2 response
2025-08-10 03:02:25,879 - APILogger - DEBUG - Get Historical data V2 response
2025-08-10 03:02:26,073 - APILogger - DEBUG - Get Historical data V2 response
2025-08-10 03:02:26,253 - APILogger - DEBUG - Get Historical data V2 response
2025-08-10 03:02:26,453 - APILogger - DEBUG - Get Historical data V2 response
2025-08-10 03:05:32,334 - breeze_api - INFO - Starting Breeze Trading API
2025-08-10 03:05:32,335 - breeze_api - INFO - CORS origins: ['http://localhost:3000']
2025-08-10 03:05:32,335 - breeze_api - INFO - Session expiry hours: 24
2025-08-10 03:05:32,335 - breeze_api - INFO - Server rate limit: 100 / 3600s
2025-08-10 03:05:32,336 - breeze_api - INFO - Breeze rate limit: 100 / 60s
2025-08-10 03:05:32,338 - breeze_api - INFO - Loaded 18 holidays for 2025 from JSON
2025-08-10 03:05:32,383 - breeze_api - INFO - Loaded 16409 instruments into memory
2025-08-10 03:05:32,489 - apscheduler.scheduler - INFO - Adding job tentatively -- it will be properly scheduled when the scheduler starts
2025-08-10 03:05:32,491 - apscheduler.scheduler - INFO - Added job "build_screener_cache_job" to job store "default"
2025-08-10 03:05:32,492 - apscheduler.scheduler - INFO - Scheduler started
2025-08-10 03:05:32,492 - breeze_api - INFO - APScheduler started: daily screener build at 15:40 IST, Mon–Fri
2025-08-10 03:06:04,466 - breeze_api - INFO - Starting Breeze Trading API
2025-08-10 03:06:04,467 - breeze_api - INFO - CORS origins: ['http://localhost:3000']
2025-08-10 03:06:04,467 - breeze_api - INFO - Session expiry hours: 24
2025-08-10 03:06:04,468 - breeze_api - INFO - Server rate limit: 100 / 3600s
2025-08-10 03:06:04,468 - breeze_api - INFO - Breeze rate limit: 100 / 60s
2025-08-10 03:06:04,470 - breeze_api - INFO - Loaded 18 holidays for 2025 from JSON
2025-08-10 03:06:04,521 - breeze_api - INFO - Loaded 16409 instruments into memory
2025-08-10 03:06:04,628 - apscheduler.scheduler - INFO - Adding job tentatively -- it will be properly scheduled when the scheduler starts
2025-08-10 03:06:04,630 - apscheduler.scheduler - INFO - Added job "build_screener_cache_job" to job store "default"
2025-08-10 03:06:04,630 - apscheduler.scheduler - INFO - Scheduler started
2025-08-10 03:06:04,630 - breeze_api - INFO - APScheduler started: daily screener build at 15:40 IST, Mon–Fri
2025-08-10 03:06:07,269 - breeze_api - INFO - Starting Breeze Trading API
2025-08-10 03:06:07,270 - breeze_api - INFO - CORS origins: ['http://localhost:3000']
2025-08-10 03:06:07,270 - breeze_api - INFO - Session expiry hours: 24
2025-08-10 03:06:07,270 - breeze_api - INFO - Server rate limit: 100 / 3600s
2025-08-10 03:06:07,270 - breeze_api - INFO - Breeze rate limit: 100 / 60s
2025-08-10 03:06:07,273 - breeze_api - INFO - Loaded 18 holidays for 2025 from JSON
2025-08-10 03:06:07,314 - breeze_api - INFO - Loaded 16409 instruments into memory
2025-08-10 03:06:07,419 - apscheduler.scheduler - INFO - Adding job tentatively -- it will be properly scheduled when the scheduler starts
2025-08-10 03:06:07,421 - apscheduler.scheduler - INFO - Added job "build_screener_cache_job" to job store "default"
2025-08-10 03:06:07,421 - apscheduler.scheduler - INFO - Scheduler started
2025-08-10 03:06:07,422 - breeze_api - INFO - APScheduler started: daily screener build at 15:40 IST, Mon–Fri
2025-08-10 03:06:39,683 - breeze_api - INFO - Starting Breeze Trading API
2025-08-10 03:06:39,684 - breeze_api - INFO - CORS origins: ['http://localhost:3000']
2025-08-10 03:06:39,685 - breeze_api - INFO - Session expiry hours: 24
2025-08-10 03:06:39,685 - breeze_api - INFO - Server rate limit: 100 / 3600s
2025-08-10 03:06:39,685 - breeze_api - INFO - Breeze rate limit: 100 / 60s
2025-08-10 03:06:39,688 - breeze_api - INFO - Loaded 18 holidays for 2025 from JSON
2025-08-10 03:06:39,729 - breeze_api - INFO - Loaded 16409 instruments into memory
2025-08-10 03:06:39,836 - apscheduler.scheduler - INFO - Adding job tentatively -- it will be properly scheduled when the scheduler starts
2025-08-10 03:06:39,837 - apscheduler.scheduler - INFO - Added job "build_screener_cache_job" to job store "default"
2025-08-10 03:06:39,838 - apscheduler.scheduler - INFO - Scheduler started
2025-08-10 03:06:39,838 - breeze_api - INFO - APScheduler started: daily screener build at 15:40 IST, Mon–Fri
2025-08-10 03:09:01,090 - breeze_api - INFO - Login attempt for API key prefix: _3Dd2132...
2025-08-10 03:09:06,245 - APILogger - DEBUG - <Response [200]>
2025-08-10 03:09:06,246 - APILogger - DEBUG - Customer Details response: {'Success': {'exg_trade_date': {'NSE': '11-Aug-2025', 'BSE': '11-Aug-2025', 'FNO': '11-Aug-2025', 'NDX': '19-May-2025'}, 'exg_status': {'NSE': 'C', 'BSE': 'C', 'FNO': 'Y', 'NDX': 'X'}, 'segments_allowed': {'Trading': 'Y', 'Equity': 'Y', 'Derivatives': 'Y', 'Currency': 'Z'}, 'idirect_userid': 'AE585479', 'idirect_user_name': 'VIJAY WILSON NIRMAL', 'idirect_ORD_TYP': 'N', 'idirect_lastlogin_time': '10-Aug-2025 03:09:06', 'mf_holding_mode_popup_flg': 'N', 'commodity_exchange_status': 'Y', 'commodity_trade_date': '11-Aug-2025', 'commodity_allowed': 'C'}, 'Status': 200, 'Error': None}
2025-08-10 03:09:06,247 - breeze_api - INFO - Session created for token prefix: 52547203...
2025-08-10 03:09:06,816 - APILogger - DEBUG - Get Historical data V2 response
2025-08-10 03:09:07,013 - APILogger - DEBUG - Get Historical data V2 response
2025-08-10 03:09:07,200 - APILogger - DEBUG - Get Historical data V2 response
2025-08-10 03:09:07,936 - APILogger - DEBUG - Get Historical data V2 response
2025-08-10 03:09:08,135 - APILogger - DEBUG - Get Historical data V2 response
2025-08-10 03:09:08,345 - APILogger - DEBUG - Get Historical data V2 response
2025-08-10 03:09:08,541 - APILogger - DEBUG - Get Historical data V2 response
2025-08-10 03:09:08,747 - APILogger - DEBUG - Get Historical data V2 response
2025-08-10 03:09:51,883 - APILogger - DEBUG - Get Historical data V2 response
2025-08-10 03:09:52,078 - APILogger - DEBUG - Get Historical data V2 response
2025-08-10 03:09:52,239 - APILogger - DEBUG - Get Historical data V2 response
2025-08-10 03:09:52,419 - APILogger - DEBUG - Get Historical data V2 response
2025-08-10 03:09:52,599 - APILogger - DEBUG - Get Historical data V2 response
2025-08-10 03:09:52,784 - APILogger - DEBUG - Get Historical data V2 response
2025-08-10 03:09:52,977 - APILogger - DEBUG - Get Historical data V2 response
2025-08-10 03:09:53,162 - APILogger - DEBUG - Get Historical data V2 response
2025-08-10 03:09:53,343 - APILogger - DEBUG - Get Historical data V2 response
2025-08-10 03:09:53,541 - APILogger - DEBUG - Get Historical data V2 response
2025-08-10 03:09:53,740 - APILogger - DEBUG - Get Historical data V2 response
2025-08-10 03:09:53,946 - APILogger - DEBUG - Get Historical data V2 response
2025-08-10 03:09:54,139 - APILogger - DEBUG - Get Historical data V2 response
2025-08-10 03:09:54,315 - APILogger - DEBUG - Get Historical data V2 response
2025-08-10 03:09:54,498 - APILogger - DEBUG - Get Historical data V2 response
2025-08-10 03:09:54,702 - APILogger - DEBUG - Get Historical data V2 response
2025-08-10 03:09:54,896 - APILogger - DEBUG - Get Historical data V2 response
2025-08-10 03:09:55,078 - APILogger - DEBUG - Get Historical data V2 response
2025-08-10 03:09:55,258 - APILogger - DEBUG - Get Historical data V2 response
2025-08-10 03:09:55,441 - APILogger - DEBUG - Get Historical data V2 response
2025-08-10 03:09:55,640 - APILogger - DEBUG - Get Historical data V2 response
2025-08-10 03:09:55,826 - APILogger - DEBUG - Get Historical data V2 response
2025-08-10 03:09:56,019 - APILogger - DEBUG - Get Historical data V2 response
2025-08-10 03:09:56,204 - APILogger - DEBUG - Get Historical data V2 response
2025-08-10 03:09:56,398 - APILogger - DEBUG - Get Historical data V2 response
2025-08-10 03:09:56,576 - APILogger - DEBUG - Get Historical data V2 response
2025-08-10 03:09:56,745 - APILogger - DEBUG - Get Historical data V2 response
2025-08-10 03:09:56,975 - APILogger - DEBUG - Get Historical data V2 response
2025-08-10 03:09:57,164 - APILogger - DEBUG - Get Historical data V2 response
2025-08-10 03:09:57,362 - APILogger - DEBUG - Get Historical data V2 response
2025-08-10 03:09:57,564 - APILogger - DEBUG - Get Historical data V2 response
2025-08-10 03:09:57,757 - APILogger - DEBUG - Get Historical data V2 response
2025-08-10 03:09:57,951 - APILogger - DEBUG - Get Historical data V2 response
2025-08-10 03:09:58,136 - APILogger - DEBUG - Get Historical data V2 response
2025-08-10 03:09:58,321 - APILogger - DEBUG - Get Historical data V2 response
2025-08-10 03:09:58,503 - APILogger - DEBUG - Get Historical data V2 response
2025-08-10 03:09:58,683 - APILogger - DEBUG - Get Historical data V2 response
2025-08-10 03:09:58,881 - APILogger - DEBUG - Get Historical data V2 response
2025-08-10 03:09:59,058 - APILogger - DEBUG - Get Historical data V2 response
2025-08-10 03:09:59,233 - APILogger - DEBUG - Get Historical data V2 response
2025-08-10 03:09:59,415 - APILogger - DEBUG - Get Historical data V2 response
2025-08-10 03:09:59,578 - APILogger - DEBUG - Get Historical data V2 response
2025-08-10 03:09:59,782 - APILogger - DEBUG - Get Historical data V2 response
2025-08-10 03:09:59,976 - APILogger - DEBUG - Get Historical data V2 response
2025-08-10 03:10:00,165 - APILogger - DEBUG - Get Historical data V2 response
2025-08-10 03:10:00,350 - APILogger - DEBUG - Get Historical data V2 response
2025-08-10 03:10:00,536 - APILogger - DEBUG - Get Historical data V2 response
2025-08-10 03:10:00,718 - APILogger - DEBUG - Get Historical data V2 response
2025-08-10 03:10:00,921 - APILogger - DEBUG - Get Historical data V2 response
2025-08-10 03:10:01,103 - APILogger - DEBUG - Get Historical data V2 response
2025-08-10 03:10:04,467 - APILogger - DEBUG - Get Historical data V2 response
2025-08-10 03:10:04,665 - APILogger - DEBUG - Get Historical data V2 response
2025-08-10 03:10:04,914 - APILogger - DEBUG - Get Historical data V2 response
2025-08-10 03:10:05,125 - APILogger - DEBUG - Get Historical data V2 response
2025-08-10 03:10:05,340 - APILogger - DEBUG - Get Historical data V2 response
2025-08-10 03:10:05,541 - APILogger - DEBUG - Get Historical data V2 response
2025-08-10 03:10:05,721 - APILogger - DEBUG - Get Historical data V2 response
2025-08-10 03:10:05,889 - APILogger - DEBUG - Get Historical data V2 response
2025-08-10 03:10:06,114 - APILogger - DEBUG - Get Historical data V2 response
2025-08-10 03:10:06,305 - APILogger - DEBUG - Get Historical data V2 response
2025-08-10 03:10:06,522 - APILogger - DEBUG - Get Historical data V2 response
2025-08-10 03:10:06,781 - APILogger - DEBUG - Get Historical data V2 response
2025-08-10 03:10:07,126 - APILogger - DEBUG - Get Historical data V2 response
2025-08-10 03:10:07,317 - APILogger - DEBUG - Get Historical data V2 response
2025-08-10 03:10:07,583 - APILogger - DEBUG - Get Historical data V2 response
2025-08-10 03:10:07,759 - APILogger - DEBUG - Get Historical data V2 response
2025-08-10 03:10:07,949 - APILogger - DEBUG - Get Historical data V2 response
2025-08-10 03:10:08,189 - APILogger - DEBUG - Get Historical data V2 response
2025-08-10 03:10:08,381 - APILogger - DEBUG - Get Historical data V2 response
2025-08-10 03:10:08,581 - APILogger - DEBUG - Get Historical data V2 response
2025-08-10 03:10:08,804 - APILogger - DEBUG - Get Historical data V2 response
2025-08-10 03:10:10,280 - APILogger - DEBUG - Get Historical data V2 response
2025-08-10 03:10:10,456 - APILogger - DEBUG - Get Historical data V2 response
2025-08-10 03:10:10,656 - APILogger - DEBUG - Get Historical data V2 response
2025-08-10 03:10:10,842 - APILogger - DEBUG - Get Historical data V2 response
2025-08-10 03:10:11,022 - APILogger - DEBUG - Get Historical data V2 response
2025-08-10 03:10:11,214 - APILogger - DEBUG - Get Historical data V2 response
2025-08-10 03:10:11,399 - APILogger - DEBUG - Get Historical data V2 response
2025-08-10 03:10:11,590 - APILogger - DEBUG - Get Historical data V2 response
2025-08-10 03:10:11,779 - APILogger - DEBUG - Get Historical data V2 response
2025-08-10 03:10:11,953 - APILogger - DEBUG - Get Historical data V2 response
2025-08-10 03:10:12,142 - APILogger - DEBUG - Get Historical data V2 response
2025-08-10 03:10:12,333 - APILogger - DEBUG - Get Historical data V2 response
2025-08-10 03:10:12,508 - APILogger - DEBUG - Get Historical data V2 response
2025-08-10 03:10:12,707 - APILogger - DEBUG - Get Historical data V2 response
2025-08-10 03:10:12,897 - APILogger - DEBUG - Get Historical data V2 response
2025-08-10 03:10:13,066 - APILogger - DEBUG - Get Historical data V2 response
2025-08-10 03:10:13,248 - APILogger - DEBUG - Get Historical data V2 response
2025-08-10 03:10:13,443 - APILogger - DEBUG - Get Historical data V2 response
2025-08-10 03:10:13,642 - APILogger - DEBUG - Get Historical data V2 response
2025-08-10 03:10:13,818 - APILogger - DEBUG - Get Historical data V2 response
2025-08-10 03:10:13,996 - APILogger - DEBUG - Get Historical data V2 response
2025-08-10 03:10:14,185 - APILogger - DEBUG - Get Historical data V2 response
2025-08-10 03:10:14,363 - APILogger - DEBUG - Get Historical data V2 response
2025-08-10 03:10:14,562 - APILogger - DEBUG - Get Historical data V2 response
2025-08-10 03:10:14,743 - APILogger - DEBUG - Get Historical data V2 response
2025-08-10 03:10:14,928 - APILogger - DEBUG - Get Historical data V2 response
2025-08-10 03:10:15,118 - APILogger - DEBUG - Get Historical data V2 response
2025-08-10 03:10:15,298 - APILogger - DEBUG - Get Historical data V2 response
2025-08-10 03:10:15,482 - APILogger - DEBUG - Get Historical data V2 response
2025-08-10 03:10:15,487 - breeze_api - INFO - Breeze rate limit reached. Sleeping 36.40s
2025-08-10 03:10:52,060 - APILogger - DEBUG - Get Historical data V2 response
2025-08-10 03:10:52,061 - breeze_api - INFO - Breeze rate limit reached. Sleeping 0.02s
2025-08-10 03:10:52,242 - APILogger - DEBUG - Get Historical data V2 response
2025-08-10 03:10:52,422 - APILogger - DEBUG - Get Historical data V2 response
2025-08-10 03:10:52,593 - APILogger - DEBUG - Get Historical data V2 response
2025-08-10 03:10:52,594 - breeze_api - INFO - Breeze rate limit reached. Sleeping 0.01s
2025-08-10 03:10:52,796 - APILogger - DEBUG - Get Historical data V2 response
2025-08-10 03:10:52,982 - APILogger - DEBUG - Get Historical data V2 response
2025-08-10 03:10:53,144 - APILogger - DEBUG - Get Historical data V2 response
2025-08-10 03:10:53,145 - breeze_api - INFO - Breeze rate limit reached. Sleeping 0.02s
2025-08-10 03:10:53,386 - APILogger - DEBUG - Get Historical data V2 response
2025-08-10 03:10:53,559 - APILogger - DEBUG - Get Historical data V2 response
2025-08-10 03:10:53,751 - APILogger - DEBUG - Get Historical data V2 response
2025-08-10 03:10:53,954 - APILogger - DEBUG - Get Historical data V2 response
2025-08-10 03:10:54,250 - APILogger - DEBUG - Get Historical data V2 response
2025-08-10 03:10:54,432 - APILogger - DEBUG - Get Historical data V2 response
2025-08-10 03:10:54,625 - APILogger - DEBUG - Get Historical data V2 response
2025-08-10 03:10:54,825 - APILogger - DEBUG - Get Historical data V2 response
2025-08-10 03:10:55,023 - APILogger - DEBUG - Get Historical data V2 response
2025-08-10 03:10:55,227 - APILogger - DEBUG - Get Historical data V2 response
2025-08-10 03:10:55,425 - APILogger - DEBUG - Get Historical data V2 response
2025-08-10 03:10:55,605 - APILogger - DEBUG - Get Historical data V2 response
2025-08-10 03:10:55,768 - APILogger - DEBUG - Get Historical data V2 response
2025-08-10 03:10:55,925 - APILogger - DEBUG - Get Historical data V2 response
2025-08-10 03:10:56,086 - APILogger - DEBUG - Get Historical data V2 response
2025-08-10 03:10:56,284 - APILogger - DEBUG - Get Historical data V2 response
2025-08-10 03:10:56,463 - APILogger - DEBUG - Get Historical data V2 response
2025-08-10 03:10:56,627 - APILogger - DEBUG - Get Historical data V2 response
2025-08-10 03:10:56,807 - APILogger - DEBUG - Get Historical data V2 response
2025-08-10 03:10:57,004 - APILogger - DEBUG - Get Historical data V2 response
2025-08-10 03:10:57,189 - APILogger - DEBUG - Get Historical data V2 response
2025-08-10 03:10:57,486 - APILogger - DEBUG - Get Historical data V2 response
2025-08-10 03:10:57,667 - APILogger - DEBUG - Get Historical data V2 response
2025-08-10 03:10:57,855 - APILogger - DEBUG - Get Historical data V2 response
2025-08-10 03:10:58,025 - APILogger - DEBUG - Get Historical data V2 response
2025-08-10 03:10:58,211 - APILogger - DEBUG - Get Historical data V2 response
2025-08-10 03:10:58,407 - APILogger - DEBUG - Get Historical data V2 response
2025-08-10 03:10:58,586 - APILogger - DEBUG - Get Historical data V2 response
2025-08-10 03:10:58,753 - APILogger - DEBUG - Get Historical data V2 response
2025-08-10 03:10:58,930 - APILogger - DEBUG - Get Historical data V2 response
2025-08-10 03:10:59,122 - APILogger - DEBUG - Get Historical data V2 response
2025-08-10 03:10:59,308 - APILogger - DEBUG - Get Historical data V2 response
2025-08-10 03:10:59,505 - APILogger - DEBUG - Get Historical data V2 response
2025-08-10 03:10:59,688 - APILogger - DEBUG - Get Historical data V2 response
2025-08-10 03:10:59,874 - APILogger - DEBUG - Get Historical data V2 response
2025-08-10 03:11:00,048 - APILogger - DEBUG - Get Historical data V2 response
2025-08-10 03:11:00,233 - APILogger - DEBUG - Get Historical data V2 response
2025-08-10 03:11:00,423 - APILogger - DEBUG - Get Historical data V2 response
2025-08-10 03:11:00,612 - APILogger - DEBUG - Get Historical data V2 response
2025-08-10 03:11:00,812 - APILogger - DEBUG - Get Historical data V2 response
2025-08-10 03:11:01,007 - APILogger - DEBUG - Get Historical data V2 response
2025-08-10 03:11:01,178 - APILogger - DEBUG - Get Historical data V2 response
2025-08-10 03:11:01,354 - APILogger - DEBUG - Get Historical data V2 response
2025-08-10 03:11:01,355 - breeze_api - INFO - Breeze rate limit reached. Sleeping 3.11s
2025-08-10 03:11:04,662 - APILogger - DEBUG - Get Historical data V2 response
2025-08-10 03:11:04,663 - breeze_api - INFO - Breeze rate limit reached. Sleeping 0.01s
2025-08-10 03:11:04,883 - APILogger - DEBUG - Get Historical data V2 response
2025-08-10 03:11:04,884 - breeze_api - INFO - Breeze rate limit reached. Sleeping 0.03s
2025-08-10 03:11:05,110 - APILogger - DEBUG - Get Historical data V2 response
2025-08-10 03:11:05,111 - breeze_api - INFO - Breeze rate limit reached. Sleeping 0.02s
2025-08-10 03:11:05,328 - APILogger - DEBUG - Get Historical data V2 response
2025-08-10 03:11:05,329 - breeze_api - INFO - Breeze rate limit reached. Sleeping 0.01s
2025-08-10 03:11:05,551 - APILogger - DEBUG - Get Historical data V2 response
2025-08-10 03:11:05,712 - APILogger - DEBUG - Get Historical data V2 response
2025-08-10 03:11:05,713 - breeze_api - INFO - Breeze rate limit reached. Sleeping 0.01s
2025-08-10 03:11:05,927 - APILogger - DEBUG - Get Historical data V2 response
2025-08-10 03:11:06,108 - APILogger - DEBUG - Get Historical data V2 response
2025-08-10 03:11:06,109 - breeze_api - INFO - Breeze rate limit reached. Sleeping 0.01s
2025-08-10 03:11:06,307 - APILogger - DEBUG - Get Historical data V2 response
2025-08-10 03:11:06,510 - APILogger - DEBUG - Get Historical data V2 response
2025-08-10 03:11:06,511 - breeze_api - INFO - Breeze rate limit reached. Sleeping 0.01s
2025-08-10 03:11:06,720 - APILogger - DEBUG - Get Historical data V2 response
2025-08-10 03:11:06,721 - breeze_api - INFO - Breeze rate limit reached. Sleeping 0.06s
2025-08-10 03:11:07,004 - APILogger - DEBUG - Get Historical data V2 response
2025-08-10 03:11:07,005 - breeze_api - INFO - Breeze rate limit reached. Sleeping 0.12s
2025-08-10 03:11:07,309 - APILogger - DEBUG - Get Historical data V2 response
2025-08-10 03:11:07,310 - breeze_api - INFO - Breeze rate limit reached. Sleeping 0.01s
2025-08-10 03:11:07,488 - APILogger - DEBUG - Get Historical data V2 response
2025-08-10 03:11:07,489 - breeze_api - INFO - Breeze rate limit reached. Sleeping 0.09s
2025-08-10 03:11:07,777 - APILogger - DEBUG - Get Historical data V2 response
2025-08-10 03:11:08,000 - APILogger - DEBUG - Get Historical data V2 response
2025-08-10 03:11:08,206 - APILogger - DEBUG - Get Historical data V2 response
2025-08-10 03:11:08,435 - APILogger - DEBUG - Get Historical data V2 response
2025-08-10 03:11:08,630 - APILogger - DEBUG - Get Historical data V2 response
2025-08-10 03:11:08,809 - APILogger - DEBUG - Get Historical data V2 response
2025-08-10 03:11:08,988 - APILogger - DEBUG - Get Historical data V2 response
2025-08-10 03:11:08,990 - breeze_api - INFO - Breeze rate limit reached. Sleeping 1.29s
2025-08-10 03:11:10,470 - APILogger - DEBUG - Get Historical data V2 response
2025-08-10 03:11:10,646 - APILogger - DEBUG - Get Historical data V2 response
2025-08-10 03:11:10,647 - breeze_api - INFO - Breeze rate limit reached. Sleeping 0.01s
2025-08-10 03:11:10,814 - APILogger - DEBUG - Get Historical data V2 response
2025-08-10 03:11:10,814 - breeze_api - INFO - Breeze rate limit reached. Sleeping 0.03s
2025-08-10 03:11:11,010 - APILogger - DEBUG - Get Historical data V2 response
2025-08-10 03:11:11,011 - breeze_api - INFO - Breeze rate limit reached. Sleeping 0.01s
2025-08-10 03:11:11,211 - APILogger - DEBUG - Get Historical data V2 response
2025-08-10 03:11:11,212 - breeze_api - INFO - Breeze rate limit reached. Sleeping 0.01s
2025-08-10 03:11:11,396 - APILogger - DEBUG - Get Historical data V2 response
2025-08-10 03:11:11,397 - breeze_api - INFO - Breeze rate limit reached. Sleeping 0.01s
2025-08-10 03:11:11,610 - APILogger - DEBUG - Get Historical data V2 response
2025-08-10 03:11:11,814 - APILogger - DEBUG - Get Historical data V2 response
2025-08-10 03:11:12,008 - APILogger - DEBUG - Get Historical data V2 response
2025-08-10 03:11:12,209 - APILogger - DEBUG - Get Historical data V2 response
2025-08-10 03:11:12,384 - APILogger - DEBUG - Get Historical data V2 response
2025-08-10 03:11:12,599 - APILogger - DEBUG - Get Historical data V2 response
2025-08-10 03:11:12,791 - APILogger - DEBUG - Get Historical data V2 response
2025-08-10 03:11:12,956 - APILogger - DEBUG - Get Historical data V2 response
2025-08-10 03:11:13,145 - APILogger - DEBUG - Get Historical data V2 response
2025-08-10 03:11:13,306 - APILogger - DEBUG - Get Historical data V2 response
2025-08-10 03:11:13,487 - APILogger - DEBUG - Get Historical data V2 response
2025-08-10 03:11:13,678 - APILogger - DEBUG - Get Historical data V2 response
2025-08-10 03:11:13,871 - APILogger - DEBUG - Get Historical data V2 response
2025-08-10 03:11:14,063 - APILogger - DEBUG - Get Historical data V2 response
2025-08-10 03:11:14,255 - APILogger - DEBUG - Get Historical data V2 response
2025-08-10 03:11:14,444 - APILogger - DEBUG - Get Historical data V2 response
2025-08-10 03:11:14,629 - APILogger - DEBUG - Get Historical data V2 response
2025-08-10 03:11:14,829 - APILogger - DEBUG - Get Historical data V2 response
2025-08-10 03:11:15,028 - APILogger - DEBUG - Get Historical data V2 response
2025-08-10 03:11:15,204 - APILogger - DEBUG - Get Historical data V2 response
2025-08-10 03:11:15,391 - APILogger - DEBUG - Get Historical data V2 response
2025-08-10 03:11:15,577 - APILogger - DEBUG - Get Historical data V2 response
2025-08-10 03:11:15,789 - APILogger - DEBUG - Get Historical data V2 response
2025-08-10 03:11:29,111 - breeze_api - INFO - Login attempt for API key prefix: _3Dd2132...
2025-08-10 03:11:33,801 - breeze_api - INFO - Breeze rate limit reached. Sleeping 18.26s
2025-08-10 03:11:52,281 - APILogger - DEBUG - <Response [200]>
2025-08-10 03:11:52,281 - APILogger - DEBUG - Customer Details response: {'Success': {'exg_trade_date': {'NSE': '11-Aug-2025', 'BSE': '11-Aug-2025', 'FNO': '11-Aug-2025', 'NDX': '19-May-2025'}, 'exg_status': {'NSE': 'C', 'BSE': 'C', 'FNO': 'Y', 'NDX': 'X'}, 'segments_allowed': {'Trading': 'Y', 'Equity': 'Y', 'Derivatives': 'Y', 'Currency': 'Z'}, 'idirect_userid': 'AE585479', 'idirect_user_name': 'VIJAY WILSON NIRMAL', 'idirect_ORD_TYP': 'N', 'idirect_lastlogin_time': '10-Aug-2025 03:11:52', 'mf_holding_mode_popup_flg': 'N', 'commodity_exchange_status': 'Y', 'commodity_trade_date': '11-Aug-2025', 'commodity_allowed': 'C'}, 'Status': 200, 'Error': None}
2025-08-10 03:11:52,282 - breeze_api - INFO - Session created for token prefix: 52547203...
2025-08-10 03:12:15,905 - APILogger - DEBUG - Get Historical data V2 response
2025-08-10 03:12:16,094 - APILogger - DEBUG - Get Historical data V2 response
2025-08-10 03:12:16,280 - APILogger - DEBUG - Get Historical data V2 response
2025-08-10 03:12:16,472 - APILogger - DEBUG - Get Historical data V2 response
2025-08-10 03:12:16,655 - APILogger - DEBUG - Get Historical data V2 response
2025-08-10 03:12:16,834 - APILogger - DEBUG - Get Historical data V2 response
2025-08-10 03:12:17,016 - APILogger - DEBUG - Get Historical data V2 response
2025-08-10 03:12:17,197 - APILogger - DEBUG - Get Historical data V2 response
2025-08-10 03:12:17,398 - APILogger - DEBUG - Get Historical data V2 response
2025-08-10 03:12:17,595 - APILogger - DEBUG - Get Historical data V2 response
2025-08-10 03:12:17,772 - APILogger - DEBUG - Get Historical data V2 response
2025-08-10 03:12:17,958 - APILogger - DEBUG - Get Historical data V2 response
2025-08-10 03:12:18,152 - APILogger - DEBUG - Get Historical data V2 response
2025-08-10 03:12:18,334 - APILogger - DEBUG - Get Historical data V2 response
2025-08-10 03:12:18,522 - APILogger - DEBUG - Get Historical data V2 response
2025-08-10 03:12:18,714 - APILogger - DEBUG - Get Historical data V2 response
2025-08-10 03:12:18,893 - APILogger - DEBUG - Get Historical data V2 response
2025-08-10 03:12:19,070 - APILogger - DEBUG - Get Historical data V2 response
2025-08-10 03:12:19,263 - APILogger - DEBUG - Get Historical data V2 response
2025-08-10 03:12:19,458 - APILogger - DEBUG - Get Historical data V2 response
2025-08-10 03:12:19,636 - APILogger - DEBUG - Get Historical data V2 response
2025-08-10 03:12:19,841 - APILogger - DEBUG - Get Historical data V2 response
2025-08-10 03:12:20,038 - APILogger - DEBUG - Get Historical data V2 response
2025-08-10 03:12:20,234 - APILogger - DEBUG - Get Historical data V2 response
2025-08-10 03:12:20,415 - APILogger - DEBUG - Get Historical data V2 response
2025-08-10 03:12:20,620 - APILogger - DEBUG - Get Historical data V2 response
2025-08-10 03:12:20,814 - APILogger - DEBUG - Get Historical data V2 response
2025-08-10 03:12:20,989 - APILogger - DEBUG - Get Historical data V2 response
2025-08-10 03:12:21,171 - APILogger - DEBUG - Get Historical data V2 response
2025-08-10 03:12:21,356 - APILogger - DEBUG - Get Historical data V2 response
2025-08-10 03:12:21,534 - APILogger - DEBUG - Get Historical data V2 response
2025-08-10 03:12:21,718 - APILogger - DEBUG - Get Historical data V2 response
2025-08-10 03:12:21,916 - APILogger - DEBUG - Get Historical data V2 response
2025-08-10 03:12:22,094 - APILogger - DEBUG - Get Historical data V2 response
2025-08-10 03:12:22,266 - APILogger - DEBUG - Get Historical data V2 response
2025-08-10 03:12:22,439 - APILogger - DEBUG - Get Historical data V2 response
2025-08-10 03:12:22,634 - APILogger - DEBUG - Get Historical data V2 response
2025-08-10 03:12:22,815 - APILogger - DEBUG - Get Historical data V2 response
2025-08-10 03:12:22,999 - APILogger - DEBUG - Get Historical data V2 response
2025-08-10 03:12:23,192 - APILogger - DEBUG - Get Historical data V2 response
2025-08-10 03:12:23,367 - APILogger - DEBUG - Get Historical data V2 response
2025-08-10 03:12:23,552 - APILogger - DEBUG - Get Historical data V2 response
2025-08-10 03:12:23,721 - APILogger - DEBUG - Get Historical data V2 response
2025-08-10 03:12:23,917 - APILogger - DEBUG - Get Historical data V2 response
2025-08-10 03:12:24,082 - APILogger - DEBUG - Get Historical data V2 response
2025-08-10 03:12:24,276 - APILogger - DEBUG - Get Historical data V2 response
2025-08-10 03:12:24,453 - APILogger - DEBUG - Get Historical data V2 response
2025-08-10 03:12:24,637 - APILogger - DEBUG - Get Historical data V2 response
2025-08-10 03:12:24,836 - APILogger - DEBUG - Get Historical data V2 response
2025-08-10 03:12:25,017 - APILogger - DEBUG - Get Historical data V2 response
2025-08-10 03:16:39,794 - breeze_api - INFO - Starting Breeze Trading API
2025-08-10 03:16:39,795 - breeze_api - INFO - CORS origins: ['http://localhost:3000']
2025-08-10 03:16:39,795 - breeze_api - INFO - Session expiry hours: 24
2025-08-10 03:16:39,796 - breeze_api - INFO - Server rate limit: 100 / 3600s
2025-08-10 03:16:39,796 - breeze_api - INFO - Breeze rate limit: 100 / 60s
2025-08-10 03:16:39,798 - breeze_api - INFO - Loaded 18 holidays for 2025 from JSON
2025-08-10 03:16:39,840 - breeze_api - INFO - Loaded 16409 instruments into memory
2025-08-10 03:16:39,948 - apscheduler.scheduler - INFO - Adding job tentatively -- it will be properly scheduled when the scheduler starts
2025-08-10 03:16:39,950 - apscheduler.scheduler - INFO - Added job "build_screener_cache_job" to job store "default"
2025-08-10 03:16:39,950 - apscheduler.scheduler - INFO - Scheduler started
2025-08-10 03:16:39,950 - breeze_api - INFO - APScheduler started: daily screener build at 15:40 IST, Mon–Fri
2025-08-10 03:16:42,279 - breeze_api - INFO - Starting Breeze Trading API
2025-08-10 03:16:42,279 - breeze_api - INFO - CORS origins: ['http://localhost:3000']
2025-08-10 03:16:42,280 - breeze_api - INFO - Session expiry hours: 24
2025-08-10 03:16:42,280 - breeze_api - INFO - Server rate limit: 100 / 3600s
2025-08-10 03:16:42,280 - breeze_api - INFO - Breeze rate limit: 100 / 60s
2025-08-10 03:16:42,282 - breeze_api - INFO - Loaded 18 holidays for 2025 from JSON
2025-08-10 03:16:42,325 - breeze_api - INFO - Loaded 16409 instruments into memory
2025-08-10 03:16:42,434 - apscheduler.scheduler - INFO - Adding job tentatively -- it will be properly scheduled when the scheduler starts
2025-08-10 03:16:42,435 - apscheduler.scheduler - INFO - Added job "build_screener_cache_job" to job store "default"
2025-08-10 03:16:42,436 - apscheduler.scheduler - INFO - Scheduler started
2025-08-10 03:16:42,436 - breeze_api - INFO - APScheduler started: daily screener build at 15:40 IST, Mon–Fri
2025-08-10 03:35:44,730 - breeze_api - INFO - Starting Breeze Trading API
2025-08-10 03:35:44,731 - breeze_api - INFO - CORS origins: ['http://localhost:3000']
2025-08-10 03:35:44,731 - breeze_api - INFO - Session expiry hours: 24
2025-08-10 03:35:44,731 - breeze_api - INFO - Server rate limit: 100 / 3600s
2025-08-10 03:35:44,732 - breeze_api - INFO - Breeze rate limit: 100 / 60s
2025-08-10 03:35:44,734 - breeze_api - INFO - Loaded 18 holidays for 2025 from JSON
2025-08-10 03:35:44,784 - breeze_api - INFO - Loaded 16409 instruments into memory
2025-08-10 03:35:44,879 - apscheduler.scheduler - INFO - Adding job tentatively -- it will be properly scheduled when the scheduler starts
2025-08-10 03:35:44,880 - apscheduler.scheduler - INFO - Added job "build_screener_cache_job" to job store "default"
2025-08-10 03:35:44,880 - apscheduler.scheduler - INFO - Scheduler started
2025-08-10 03:35:44,880 - breeze_api - INFO - APScheduler started: daily screener build at 15:40 IST, Mon–Fri
2025-08-10 03:35:47,827 - breeze_api - INFO - Login attempt for API key prefix: _3Dd2132...
2025-08-10 03:35:53,581 - APILogger - DEBUG - <Response [200]>
2025-08-10 03:35:53,581 - APILogger - DEBUG - Customer Details response: {'Success': {'exg_trade_date': {'NSE': '11-Aug-2025', 'BSE': '11-Aug-2025', 'FNO': '11-Aug-2025', 'NDX': '19-May-2025'}, 'exg_status': {'NSE': 'C', 'BSE': 'C', 'FNO': 'Y', 'NDX': 'X'}, 'segments_allowed': {'Trading': 'Y', 'Equity': 'Y', 'Derivatives': 'Y', 'Currency': 'Z'}, 'idirect_userid': 'AE585479', 'idirect_user_name': 'VIJAY WILSON NIRMAL', 'idirect_ORD_TYP': 'N', 'idirect_lastlogin_time': '10-Aug-2025 03:35:53', 'mf_holding_mode_popup_flg': 'N', 'commodity_exchange_status': 'Y', 'commodity_trade_date': '11-Aug-2025', 'commodity_allowed': 'C'}, 'Status': 200, 'Error': None}
2025-08-10 03:35:53,582 - breeze_api - INFO - Session created for token prefix: 52547203...
2025-08-10 03:35:54,006 - APILogger - DEBUG - Get Historical data V2 response
2025-08-10 03:35:54,188 - APILogger - DEBUG - Get Historical data V2 response
2025-08-10 03:35:54,375 - APILogger - DEBUG - Get Historical data V2 response
2025-08-10 03:35:54,560 - APILogger - DEBUG - Get Historical data V2 response
2025-08-10 03:35:54,757 - APILogger - DEBUG - Get Historical data V2 response
2025-08-10 03:35:54,958 - APILogger - DEBUG - Get Historical data V2 response
2025-08-10 03:35:55,163 - APILogger - DEBUG - Get Historical data V2 response
2025-08-10 03:35:55,349 - APILogger - DEBUG - Get Historical data V2 response
2025-08-10 03:39:06,069 - breeze_api - INFO - Login attempt for API key prefix: _3Dd2132...
2025-08-10 03:39:11,521 - APILogger - DEBUG - <Response [200]>
2025-08-10 03:39:11,522 - APILogger - DEBUG - Customer Details response: {'Success': {'exg_trade_date': {'NSE': '11-Aug-2025', 'BSE': '11-Aug-2025', 'FNO': '11-Aug-2025', 'NDX': '19-May-2025'}, 'exg_status': {'NSE': 'C', 'BSE': 'C', 'FNO': 'Y', 'NDX': 'X'}, 'segments_allowed': {'Trading': 'Y', 'Equity': 'Y', 'Derivatives': 'Y', 'Currency': 'Z'}, 'idirect_userid': 'AE585479', 'idirect_user_name': 'VIJAY WILSON NIRMAL', 'idirect_ORD_TYP': 'N', 'idirect_lastlogin_time': '10-Aug-2025 03:39:11', 'mf_holding_mode_popup_flg': 'N', 'commodity_exchange_status': 'Y', 'commodity_trade_date': '11-Aug-2025', 'commodity_allowed': 'C'}, 'Status': 200, 'Error': None}
2025-08-10 03:39:11,523 - breeze_api - INFO - Session created for token prefix: 52547203...
2025-08-10 03:39:15,965 - APILogger - DEBUG - Get Historical data V2 response
2025-08-10 03:39:16,149 - APILogger - DEBUG - Get Historical data V2 response
2025-08-10 03:39:16,330 - APILogger - DEBUG - Get Historical data V2 response
2025-08-10 03:39:16,521 - APILogger - DEBUG - Get Historical data V2 response
2025-08-10 03:39:16,711 - APILogger - DEBUG - Get Historical data V2 response
2025-08-10 03:39:16,887 - APILogger - DEBUG - Get Historical data V2 response
2025-08-10 03:39:17,094 - APILogger - DEBUG - Get Historical data V2 response
2025-08-10 03:39:17,270 - APILogger - DEBUG - Get Historical data V2 response
2025-08-10 03:39:17,469 - APILogger - DEBUG - Get Historical data V2 response
2025-08-10 03:39:17,638 - APILogger - DEBUG - Get Historical data V2 response
2025-08-10 03:39:17,843 - APILogger - DEBUG - Get Historical data V2 response
2025-08-10 03:39:18,032 - APILogger - DEBUG - Get Historical data V2 response
2025-08-10 03:39:18,224 - APILogger - DEBUG - Get Historical data V2 response
2025-08-10 03:39:18,410 - APILogger - DEBUG - Get Historical data V2 response
2025-08-10 03:39:18,604 - APILogger - DEBUG - Get Historical data V2 response
2025-08-10 03:39:18,787 - APILogger - DEBUG - Get Historical data V2 response
2025-08-10 03:39:18,974 - APILogger - DEBUG - Get Historical data V2 response
2025-08-10 03:39:19,135 - APILogger - DEBUG - Get Historical data V2 response
2025-08-10 03:39:19,308 - APILogger - DEBUG - Get Historical data V2 response
2025-08-10 03:39:19,507 - APILogger - DEBUG - Get Historical data V2 response
2025-08-10 03:39:19,715 - APILogger - DEBUG - Get Historical data V2 response
2025-08-10 03:39:19,888 - APILogger - DEBUG - Get Historical data V2 response
2025-08-10 03:39:20,069 - APILogger - DEBUG - Get Historical data V2 response
2025-08-10 03:39:20,249 - APILogger - DEBUG - Get Historical data V2 response
2025-08-10 03:39:20,426 - APILogger - DEBUG - Get Historical data V2 response
2025-08-10 03:39:20,606 - APILogger - DEBUG - Get Historical data V2 response
2025-08-10 03:39:20,877 - APILogger - DEBUG - Get Historical data V2 response
2025-08-10 03:39:21,108 - APILogger - DEBUG - Get Historical data V2 response
2025-08-10 03:39:21,285 - APILogger - DEBUG - Get Historical data V2 response
2025-08-10 03:39:21,466 - APILogger - DEBUG - Get Historical data V2 response
2025-08-10 03:39:21,668 - APILogger - DEBUG - Get Historical data V2 response
2025-08-10 03:39:21,848 - APILogger - DEBUG - Get Historical data V2 response
2025-08-10 03:39:22,030 - APILogger - DEBUG - Get Historical data V2 response
2025-08-10 03:39:22,202 - APILogger - DEBUG - Get Historical data V2 response
2025-08-10 03:39:22,389 - APILogger - DEBUG - Get Historical data V2 response
2025-08-10 03:39:22,592 - APILogger - DEBUG - Get Historical data V2 response
2025-08-10 03:39:22,792 - APILogger - DEBUG - Get Historical data V2 response
2025-08-10 03:39:22,991 - APILogger - DEBUG - Get Historical data V2 response
2025-08-10 03:39:23,189 - APILogger - DEBUG - Get Historical data V2 response
2025-08-10 03:39:23,372 - APILogger - DEBUG - Get Historical data V2 response
2025-08-10 03:39:23,578 - APILogger - DEBUG - Get Historical data V2 response
2025-08-10 03:39:23,756 - APILogger - DEBUG - Get Historical data V2 response
2025-08-10 03:39:23,951 - APILogger - DEBUG - Get Historical data V2 response
2025-08-10 03:39:24,146 - APILogger - DEBUG - Get Historical data V2 response
2025-08-10 03:39:24,334 - APILogger - DEBUG - Get Historical data V2 response
2025-08-10 03:39:24,528 - APILogger - DEBUG - Get Historical data V2 response
2025-08-10 03:39:24,708 - APILogger - DEBUG - Get Historical data V2 response
2025-08-10 03:39:24,884 - APILogger - DEBUG - Get Historical data V2 response
2025-08-10 03:39:25,067 - APILogger - DEBUG - Get Historical data V2 response
2025-08-10 03:39:25,250 - APILogger - DEBUG - Get Historical data V2 response
2025-08-10 03:41:36,448 - APILogger - DEBUG - Get Historical data V2 response
2025-08-10 03:41:36,647 - APILogger - DEBUG - Get Historical data V2 response
2025-08-10 03:41:36,844 - APILogger - DEBUG - Get Historical data V2 response
2025-08-10 03:41:37,028 - APILogger - DEBUG - Get Historical data V2 response
2025-08-10 03:41:37,224 - APILogger - DEBUG - Get Historical data V2 response
2025-08-10 03:41:37,397 - APILogger - DEBUG - Get Historical data V2 response
2025-08-10 03:41:37,580 - APILogger - DEBUG - Get Historical data V2 response
2025-08-10 03:41:37,757 - APILogger - DEBUG - Get Historical data V2 response
2025-08-10 03:41:37,952 - APILogger - DEBUG - Get Historical data V2 response
2025-08-10 03:41:38,148 - APILogger - DEBUG - Get Historical data V2 response
2025-08-10 03:41:38,340 - APILogger - DEBUG - Get Historical data V2 response
2025-08-10 03:41:38,526 - APILogger - DEBUG - Get Historical data V2 response
2025-08-10 03:41:38,708 - APILogger - DEBUG - Get Historical data V2 response
2025-08-10 03:41:38,900 - APILogger - DEBUG - Get Historical data V2 response
2025-08-10 03:41:39,078 - APILogger - DEBUG - Get Historical data V2 response
2025-08-10 03:41:39,261 - APILogger - DEBUG - Get Historical data V2 response
2025-08-10 03:41:39,448 - APILogger - DEBUG - Get Historical data V2 response
2025-08-10 03:41:39,644 - APILogger - DEBUG - Get Historical data V2 response
2025-08-10 03:41:39,822 - APILogger - DEBUG - Get Historical data V2 response
2025-08-10 03:41:40,006 - APILogger - DEBUG - Get Historical data V2 response
2025-08-10 03:41:40,204 - APILogger - DEBUG - Get Historical data V2 response
2025-08-10 03:41:40,382 - APILogger - DEBUG - Get Historical data V2 response
2025-08-10 03:41:40,572 - APILogger - DEBUG - Get Historical data V2 response
2025-08-10 03:41:40,765 - APILogger - DEBUG - Get Historical data V2 response
2025-08-10 03:41:40,946 - APILogger - DEBUG - Get Historical data V2 response
2025-08-10 03:41:41,124 - APILogger - DEBUG - Get Historical data V2 response
2025-08-10 03:41:41,307 - APILogger - DEBUG - Get Historical data V2 response
2025-08-10 03:41:41,507 - APILogger - DEBUG - Get Historical data V2 response
2025-08-10 03:41:41,704 - APILogger - DEBUG - Get Historical data V2 response
2025-08-10 03:41:41,933 - APILogger - DEBUG - Get Historical data V2 response
2025-08-10 03:41:42,132 - APILogger - DEBUG - Get Historical data V2 response
2025-08-10 03:41:42,328 - APILogger - DEBUG - Get Historical data V2 response
2025-08-10 03:41:42,551 - APILogger - DEBUG - Get Historical data V2 response
2025-08-10 03:41:42,741 - APILogger - DEBUG - Get Historical data V2 response
2025-08-10 03:41:42,924 - APILogger - DEBUG - Get Historical data V2 response
2025-08-10 03:41:43,105 - APILogger - DEBUG - Get Historical data V2 response
2025-08-10 03:41:43,284 - APILogger - DEBUG - Get Historical data V2 response
2025-08-10 03:41:43,484 - APILogger - DEBUG - Get Historical data V2 response
2025-08-10 03:41:43,651 - APILogger - DEBUG - Get Historical data V2 response
2025-08-10 03:41:43,848 - APILogger - DEBUG - Get Historical data V2 response
2025-08-10 03:41:44,048 - APILogger - DEBUG - Get Historical data V2 response
2025-08-10 03:41:44,246 - APILogger - DEBUG - Get Historical data V2 response
2025-08-10 03:41:44,444 - APILogger - DEBUG - Get Historical data V2 response
2025-08-10 03:41:44,626 - APILogger - DEBUG - Get Historical data V2 response
2025-08-10 03:41:44,821 - APILogger - DEBUG - Get Historical data V2 response
2025-08-10 03:41:45,007 - APILogger - DEBUG - Get Historical data V2 response
2025-08-10 03:41:45,206 - APILogger - DEBUG - Get Historical data V2 response
2025-08-10 03:41:45,384 - APILogger - DEBUG - Get Historical data V2 response
2025-08-10 03:41:45,587 - APILogger - DEBUG - Get Historical data V2 response
2025-08-10 03:41:45,764 - APILogger - DEBUG - Get Historical data V2 response
2025-08-10 03:41:53,323 - breeze_api - INFO - Starting Breeze Trading API
2025-08-10 03:41:53,324 - breeze_api - INFO - CORS origins: ['http://localhost:3000']
2025-08-10 03:41:53,324 - breeze_api - INFO - Session expiry hours: 24
2025-08-10 03:41:53,324 - breeze_api - INFO - Server rate limit: 100 / 3600s
2025-08-10 03:41:53,325 - breeze_api - INFO - Breeze rate limit: 100 / 60s
2025-08-10 03:41:53,328 - breeze_api - INFO - Loaded 18 holidays for 2025 from JSON
2025-08-10 03:41:53,372 - breeze_api - INFO - Loaded 4 instruments into memory
2025-08-10 03:41:53,482 - apscheduler.scheduler - INFO - Adding job tentatively -- it will be properly scheduled when the scheduler starts
2025-08-10 03:41:53,483 - apscheduler.scheduler - INFO - Added job "build_screener_cache_job" to job store "default"
2025-08-10 03:41:53,484 - apscheduler.scheduler - INFO - Scheduler started
2025-08-10 03:41:53,484 - breeze_api - INFO - APScheduler started: daily screener build at 15:40 IST, Mon–Fri
2025-08-10 03:41:55,931 - breeze_api - INFO - Starting Breeze Trading API
2025-08-10 03:41:55,931 - breeze_api - INFO - CORS origins: ['http://localhost:3000']
2025-08-10 03:41:55,932 - breeze_api - INFO - Session expiry hours: 24
2025-08-10 03:41:55,932 - breeze_api - INFO - Server rate limit: 100 / 3600s
2025-08-10 03:41:55,932 - breeze_api - INFO - Breeze rate limit: 100 / 60s
2025-08-10 03:41:55,934 - breeze_api - INFO - Loaded 18 holidays for 2025 from JSON
2025-08-10 03:41:55,972 - breeze_api - INFO - Loaded 4 instruments into memory
2025-08-10 03:41:56,079 - apscheduler.scheduler - INFO - Adding job tentatively -- it will be properly scheduled when the scheduler starts
2025-08-10 03:41:56,081 - apscheduler.scheduler - INFO - Added job "build_screener_cache_job" to job store "default"
2025-08-10 03:41:56,081 - apscheduler.scheduler - INFO - Scheduler started
2025-08-10 03:41:56,081 - breeze_api - INFO - APScheduler started: daily screener build at 15:40 IST, Mon–Fri
2025-08-10 03:42:01,787 - breeze_api - INFO - Login attempt for API key prefix: _3Dd2132...
2025-08-10 03:42:08,411 - APILogger - DEBUG - <Response [200]>
2025-08-10 03:42:08,412 - APILogger - DEBUG - Customer Details response: {'Success': {'exg_trade_date': {'NSE': '11-Aug-2025', 'BSE': '11-Aug-2025', 'FNO': '11-Aug-2025', 'NDX': '19-May-2025'}, 'exg_status': {'NSE': 'C', 'BSE': 'C', 'FNO': 'Y', 'NDX': 'X'}, 'segments_allowed': {'Trading': 'Y', 'Equity': 'Y', 'Derivatives': 'Y', 'Currency': 'Z'}, 'idirect_userid': 'AE585479', 'idirect_user_name': 'VIJAY WILSON NIRMAL', 'idirect_ORD_TYP': 'N', 'idirect_lastlogin_time': '10-Aug-2025 03:42:08', 'mf_holding_mode_popup_flg': 'N', 'commodity_exchange_status': 'Y', 'commodity_trade_date': '11-Aug-2025', 'commodity_allowed': 'C'}, 'Status': 200, 'Error': None}
2025-08-10 03:42:08,413 - breeze_api - INFO - Session created for token prefix: 52547203...
2025-08-10 03:42:08,811 - APILogger - DEBUG - Get Historical data V2 response
2025-08-10 03:42:09,031 - APILogger - DEBUG - Get Historical data V2 response
2025-08-10 03:42:09,226 - APILogger - DEBUG - Get Historical data V2 response
2025-08-10 03:42:09,431 - APILogger - DEBUG - Get Historical data V2 response
2025-08-10 03:42:09,630 - APILogger - DEBUG - Get Historical data V2 response
2025-08-10 03:42:09,825 - APILogger - DEBUG - Get Historical data V2 response
2025-08-10 03:42:10,001 - APILogger - DEBUG - Get Historical data V2 response
2025-08-10 03:42:10,209 - APILogger - DEBUG - Get Historical data V2 response
2025-08-10 03:42:13,873 - APILogger - DEBUG - Get Historical data V2 response
2025-08-10 03:42:14,063 - APILogger - DEBUG - Get Historical data V2 response
2025-08-10 03:42:14,247 - APILogger - DEBUG - Get Historical data V2 response
2025-08-10 03:42:14,447 - APILogger - DEBUG - Get Historical data V2 response
2025-08-10 03:43:42,797 - breeze_api - INFO - Login attempt for API key prefix: _3Dd2132...
2025-08-10 03:43:44,390 - APILogger - DEBUG - <Response [200]>
2025-08-10 03:43:44,391 - APILogger - DEBUG - Customer Details response: {'Success': {'exg_trade_date': {'NSE': '11-Aug-2025', 'BSE': '11-Aug-2025', 'FNO': '11-Aug-2025', 'NDX': '19-May-2025'}, 'exg_status': {'NSE': 'C', 'BSE': 'C', 'FNO': 'Y', 'NDX': 'X'}, 'segments_allowed': {'Trading': 'Y', 'Equity': 'Y', 'Derivatives': 'Y', 'Currency': 'Z'}, 'idirect_userid': 'AE585479', 'idirect_user_name': 'VIJAY WILSON NIRMAL', 'idirect_ORD_TYP': 'N', 'idirect_lastlogin_time': '10-Aug-2025 03:43:44', 'mf_holding_mode_popup_flg': 'N', 'commodity_exchange_status': 'Y', 'commodity_trade_date': '11-Aug-2025', 'commodity_allowed': 'C'}, 'Status': 200, 'Error': None}
2025-08-10 03:43:44,392 - breeze_api - INFO - Session created for token prefix: 52547203...
2025-08-10 03:51:03,610 - breeze_api - INFO - Login attempt for API key prefix: _3Dd2132...
2025-08-10 03:51:10,872 - APILogger - DEBUG - <Response [200]>
2025-08-10 03:51:10,873 - APILogger - DEBUG - Customer Details response: {'Success': {'exg_trade_date': {'NSE': '11-Aug-2025', 'BSE': '11-Aug-2025', 'FNO': '11-Aug-2025', 'NDX': '19-May-2025'}, 'exg_status': {'NSE': 'C', 'BSE': 'C', 'FNO': 'Y', 'NDX': 'X'}, 'segments_allowed': {'Trading': 'Y', 'Equity': 'Y', 'Derivatives': 'Y', 'Currency': 'Z'}, 'idirect_userid': 'AE585479', 'idirect_user_name': 'VIJAY WILSON NIRMAL', 'idirect_ORD_TYP': 'N', 'idirect_lastlogin_time': '10-Aug-2025 03:51:11', 'mf_holding_mode_popup_flg': 'N', 'commodity_exchange_status': 'Y', 'commodity_trade_date': '11-Aug-2025', 'commodity_allowed': 'C'}, 'Status': 200, 'Error': None}
2025-08-10 03:51:10,873 - breeze_api - INFO - Session created for token prefix: 52547203...
2025-08-10 03:58:51,503 - APILogger - DEBUG - Get Historical data V2 response
2025-08-10 03:58:51,697 - APILogger - DEBUG - Get Historical data V2 response
2025-08-10 03:58:51,914 - APILogger - DEBUG - Get Historical data V2 response
2025-08-10 03:58:52,081 - APILogger - DEBUG - Get Historical data V2 response
2025-08-10 03:59:40,476 - APILogger - DEBUG - Get Historical data V2 response
2025-08-10 03:59:40,661 - APILogger - DEBUG - Get Historical data V2 response
2025-08-10 03:59:40,861 - APILogger - DEBUG - Get Historical data V2 response
2025-08-10 03:59:41,061 - APILogger - DEBUG - Get Historical data V2 response
2025-08-10 04:00:32,560 - APILogger - DEBUG - Get Historical data V2 response
2025-08-10 04:00:32,758 - APILogger - DEBUG - Get Historical data V2 response
2025-08-10 04:00:32,960 - APILogger - DEBUG - Get Historical data V2 response
2025-08-10 04:00:33,155 - APILogger - DEBUG - Get Historical data V2 response
2025-08-10 04:01:07,061 - APILogger - DEBUG - Get Historical data V2 response
2025-08-10 04:01:07,253 - APILogger - DEBUG - Get Historical data V2 response
2025-08-10 04:01:07,431 - APILogger - DEBUG - Get Historical data V2 response
2025-08-10 04:01:07,613 - APILogger - DEBUG - Get Historical data V2 response
2025-08-10 04:28:57,164 - APILogger - DEBUG - Get Historical data V2 response
2025-08-10 04:28:57,345 - APILogger - DEBUG - Get Historical data V2 response
2025-08-10 04:28:57,544 - APILogger - DEBUG - Get Historical data V2 response
2025-08-10 04:28:57,723 - APILogger - DEBUG - Get Historical data V2 response
2025-08-10 04:38:11,641 - APILogger - DEBUG - Get Historical data V2 response
2025-08-10 04:38:11,849 - APILogger - DEBUG - Get Historical data V2 response
2025-08-10 04:38:12,048 - APILogger - DEBUG - Get Historical data V2 response
2025-08-10 04:38:12,250 - APILogger - DEBUG - Get Historical data V2 response
2025-08-10 04:38:12,449 - APILogger - DEBUG - Get Historical data V2 response
2025-08-10 04:38:12,648 - APILogger - DEBUG - Get Historical data V2 response
2025-08-10 04:38:12,827 - APILogger - DEBUG - Get Historical data V2 response
2025-08-10 04:38:13,074 - APILogger - DEBUG - Get Historical data V2 response
2025-08-10 04:39:17,413 - APILogger - DEBUG - Get Historical data V2 response
2025-08-10 04:39:17,608 - APILogger - DEBUG - Get Historical data V2 response
2025-08-10 04:39:17,808 - APILogger - DEBUG - Get Historical data V2 response
2025-08-10 04:39:18,004 - APILogger - DEBUG - Get Historical data V2 response
2025-08-10 04:42:10,368 - APILogger - DEBUG - Get Historical data V2 response
2025-08-10 04:42:10,557 - APILogger - DEBUG - Get Historical data V2 response
2025-08-10 04:42:10,746 - APILogger - DEBUG - Get Historical data V2 response
2025-08-10 04:42:10,939 - APILogger - DEBUG - Get Historical data V2 response
2025-08-10 04:42:11,142 - APILogger - DEBUG - Get Historical data V2 response
2025-08-10 04:42:11,379 - APILogger - DEBUG - Get Historical data V2 response
2025-08-10 04:42:11,562 - APILogger - DEBUG - Get Historical data V2 response
2025-08-10 04:42:11,760 - APILogger - DEBUG - Get Historical data V2 response
2025-08-10 04:44:50,396 - APILogger - DEBUG - Get Historical data V2 response
2025-08-10 04:44:50,584 - APILogger - DEBUG - Get Historical data V2 response
2025-08-10 04:44:50,776 - APILogger - DEBUG - Get Historical data V2 response
2025-08-10 04:44:50,960 - APILogger - DEBUG - Get Historical data V2 response
2025-08-10 04:45:07,217 - APILogger - DEBUG - Get Historical data V2 response
2025-08-10 04:45:07,397 - APILogger - DEBUG - Get Historical data V2 response
2025-08-10 04:45:07,576 - APILogger - DEBUG - Get Historical data V2 response
2025-08-10 04:45:07,785 - APILogger - DEBUG - Get Historical data V2 response
2025-08-10 04:47:22,648 - APILogger - DEBUG - Get Historical data V2 response
2025-08-10 04:47:22,836 - APILogger - DEBUG - Get Historical data V2 response
2025-08-10 04:47:23,029 - APILogger - DEBUG - Get Historical data V2 response
2025-08-10 04:47:23,214 - APILogger - DEBUG - Get Historical data V2 response
2025-08-10 04:47:23,414 - APILogger - DEBUG - Get Historical data V2 response
2025-08-10 04:47:23,615 - APILogger - DEBUG - Get Historical data V2 response
2025-08-10 04:47:23,791 - APILogger - DEBUG - Get Historical data V2 response
2025-08-10 04:47:23,994 - APILogger - DEBUG - Get Historical data V2 response
2025-08-10 04:47:32,331 - breeze_api - INFO - Starting Breeze Trading API
2025-08-10 04:47:32,331 - breeze_api - INFO - CORS origins: ['http://localhost:3000']
2025-08-10 04:47:32,332 - breeze_api - INFO - Session expiry hours: 24
2025-08-10 04:47:32,332 - breeze_api - INFO - Server rate limit: 100 / 3600s
2025-08-10 04:47:32,332 - breeze_api - INFO - Breeze rate limit: 100 / 60s
2025-08-10 04:47:32,335 - breeze_api - INFO - Loaded 18 holidays for 2025 from JSON
2025-08-10 04:47:32,377 - breeze_api - INFO - Loaded 2 instruments into memory
2025-08-10 04:47:32,494 - apscheduler.scheduler - INFO - Adding job tentatively -- it will be properly scheduled when the scheduler starts
2025-08-10 04:47:32,496 - apscheduler.scheduler - INFO - Added job "build_screener_cache_job" to job store "default"
2025-08-10 04:47:32,497 - apscheduler.scheduler - INFO - Scheduler started
2025-08-10 04:47:32,497 - breeze_api - INFO - APScheduler started: daily screener build at 15:40 IST, Mon–Fri
2025-08-10 04:47:35,258 - breeze_api - INFO - Starting Breeze Trading API
2025-08-10 04:47:35,259 - breeze_api - INFO - CORS origins: ['http://localhost:3000']
2025-08-10 04:47:35,259 - breeze_api - INFO - Session expiry hours: 24
2025-08-10 04:47:35,259 - breeze_api - INFO - Server rate limit: 100 / 3600s
2025-08-10 04:47:35,259 - breeze_api - INFO - Breeze rate limit: 100 / 60s
2025-08-10 04:47:35,262 - breeze_api - INFO - Loaded 18 holidays for 2025 from JSON
2025-08-10 04:47:35,306 - breeze_api - INFO - Loaded 2 instruments into memory
2025-08-10 04:47:35,418 - apscheduler.scheduler - INFO - Adding job tentatively -- it will be properly scheduled when the scheduler starts
2025-08-10 04:47:35,420 - apscheduler.scheduler - INFO - Added job "build_screener_cache_job" to job store "default"
2025-08-10 04:47:35,420 - apscheduler.scheduler - INFO - Scheduler started
2025-08-10 04:47:35,421 - breeze_api - INFO - APScheduler started: daily screener build at 15:40 IST, Mon–Fri
2025-08-10 04:50:03,068 - breeze_api - INFO - Starting Breeze Trading API
2025-08-10 04:50:03,069 - breeze_api - INFO - CORS origins: ['http://localhost:3000']
2025-08-10 04:50:03,069 - breeze_api - INFO - Session expiry hours: 24
2025-08-10 04:50:03,070 - breeze_api - INFO - Server rate limit: 100 / 3600s
2025-08-10 04:50:03,070 - breeze_api - INFO - Breeze rate limit: 100 / 60s
2025-08-10 04:50:03,073 - breeze_api - INFO - Loaded 18 holidays for 2025 from JSON
2025-08-10 04:50:03,115 - breeze_api - INFO - Loaded 2 instruments into memory
2025-08-10 04:50:03,228 - apscheduler.scheduler - INFO - Adding job tentatively -- it will be properly scheduled when the scheduler starts
2025-08-10 04:50:03,229 - apscheduler.scheduler - INFO - Added job "build_screener_cache_job" to job store "default"
2025-08-10 04:50:03,229 - apscheduler.scheduler - INFO - Scheduler started
2025-08-10 04:50:03,230 - breeze_api - INFO - APScheduler started: daily screener build at 15:40 IST, Mon–Fri
2025-08-10 04:50:05,771 - breeze_api - INFO - Starting Breeze Trading API
2025-08-10 04:50:05,772 - breeze_api - INFO - CORS origins: ['http://localhost:3000']
2025-08-10 04:50:05,772 - breeze_api - INFO - Session expiry hours: 24
2025-08-10 04:50:05,772 - breeze_api - INFO - Server rate limit: 100 / 3600s
2025-08-10 04:50:05,773 - breeze_api - INFO - Breeze rate limit: 100 / 60s
2025-08-10 04:50:05,775 - breeze_api - INFO - Loaded 18 holidays for 2025 from JSON
2025-08-10 04:50:05,812 - breeze_api - INFO - Loaded 2 instruments into memory
2025-08-10 04:50:05,914 - apscheduler.scheduler - INFO - Adding job tentatively -- it will be properly scheduled when the scheduler starts
2025-08-10 04:50:05,916 - apscheduler.scheduler - INFO - Added job "build_screener_cache_job" to job store "default"
2025-08-10 04:50:05,916 - apscheduler.scheduler - INFO - Scheduler started
2025-08-10 04:50:05,916 - breeze_api - INFO - APScheduler started: daily screener build at 15:40 IST, Mon–Fri
2025-08-10 04:53:46,024 - breeze_api - INFO - Login attempt for API key prefix: _3Dd2132...
2025-08-10 04:53:51,693 - APILogger - DEBUG - <Response [200]>
2025-08-10 04:53:51,695 - APILogger - DEBUG - Customer Details response: {'Success': {'exg_trade_date': {'NSE': '11-Aug-2025', 'BSE': '11-Aug-2025', 'FNO': '11-Aug-2025', 'NDX': '19-May-2025'}, 'exg_status': {'NSE': 'C', 'BSE': 'C', 'FNO': 'Y', 'NDX': 'X'}, 'segments_allowed': {'Trading': 'Y', 'Equity': 'Y', 'Derivatives': 'Y', 'Currency': 'Z'}, 'idirect_userid': 'AE585479', 'idirect_user_name': 'VIJAY WILSON NIRMAL', 'idirect_ORD_TYP': 'N', 'idirect_lastlogin_time': '10-Aug-2025 04:53:52', 'mf_holding_mode_popup_flg': 'N', 'commodity_exchange_status': 'Y', 'commodity_trade_date': '11-Aug-2025', 'commodity_allowed': 'C'}, 'Status': 200, 'Error': None}
2025-08-10 04:53:51,695 - breeze_api - INFO - Session created for token prefix: 52547203...
2025-08-10 04:53:52,272 - APILogger - DEBUG - Get Historical data V2 response
2025-08-10 04:53:52,467 - APILogger - DEBUG - Get Historical data V2 response
2025-08-10 04:53:52,650 - APILogger - DEBUG - Get Historical data V2 response
2025-08-10 04:53:52,842 - APILogger - DEBUG - Get Historical data V2 response
2025-08-10 04:53:53,054 - APILogger - DEBUG - Get Historical data V2 response
2025-08-10 04:53:53,228 - APILogger - DEBUG - Get Historical data V2 response
2025-08-10 04:53:53,426 - APILogger - DEBUG - Get Historical data V2 response
2025-08-10 04:53:53,624 - APILogger - DEBUG - Get Historical data V2 response
2025-08-10 04:54:02,409 - APILogger - DEBUG - Get Historical data V2 response
2025-08-10 04:54:02,608 - APILogger - DEBUG - Get Historical data V2 response
2025-08-10 04:54:02,800 - APILogger - DEBUG - Get Historical data V2 response
2025-08-10 04:54:02,981 - APILogger - DEBUG - Get Historical data V2 response
2025-08-10 04:54:03,160 - APILogger - DEBUG - Get Historical data V2 response
2025-08-10 04:54:03,344 - APILogger - DEBUG - Get Historical data V2 response
2025-08-10 04:54:03,542 - APILogger - DEBUG - Get Historical data V2 response
2025-08-10 04:54:03,744 - APILogger - DEBUG - Get Historical data V2 response
2025-08-10 04:54:03,958 - APILogger - DEBUG - Get Historical data V2 response
2025-08-10 04:54:04,134 - APILogger - DEBUG - Get Historical data V2 response
2025-08-10 04:54:04,319 - APILogger - DEBUG - Get Historical data V2 response
2025-08-10 04:54:04,524 - APILogger - DEBUG - Get Historical data V2 response
2025-08-10 04:57:40,252 - APILogger - DEBUG - Get Historical data V2 response
2025-08-10 04:57:40,489 - APILogger - DEBUG - Get Historical data V2 response
2025-08-10 04:57:40,673 - APILogger - DEBUG - Get Historical data V2 response
2025-08-10 04:57:40,854 - APILogger - DEBUG - Get Historical data V2 response
2025-08-10 04:57:41,064 - APILogger - DEBUG - Get Historical data V2 response
2025-08-10 04:57:41,243 - APILogger - DEBUG - Get Historical data V2 response
2025-08-10 04:57:41,443 - APILogger - DEBUG - Get Historical data V2 response
2025-08-10 04:57:41,635 - APILogger - DEBUG - Get Historical data V2 response
2025-08-10 04:57:41,859 - APILogger - DEBUG - Get Historical data V2 response
2025-08-10 04:57:42,052 - APILogger - DEBUG - Get Historical data V2 response
2025-08-10 04:57:42,231 - APILogger - DEBUG - Get Historical data V2 response
2025-08-10 04:57:42,418 - APILogger - DEBUG - Get Historical data V2 response
2025-08-10 04:57:50,181 - breeze_api - INFO - Starting Breeze Trading API
2025-08-10 04:57:50,182 - breeze_api - INFO - CORS origins: ['http://localhost:3000']
2025-08-10 04:57:50,182 - breeze_api - INFO - Session expiry hours: 24
2025-08-10 04:57:50,182 - breeze_api - INFO - Server rate limit: 100 / 3600s
2025-08-10 04:57:50,183 - breeze_api - INFO - Breeze rate limit: 100 / 60s
2025-08-10 04:57:50,185 - breeze_api - INFO - Loaded 18 holidays for 2025 from JSON
2025-08-10 04:57:50,228 - breeze_api - INFO - Loaded 2 instruments into memory
2025-08-10 04:57:50,357 - apscheduler.scheduler - INFO - Adding job tentatively -- it will be properly scheduled when the scheduler starts
2025-08-10 04:57:50,358 - apscheduler.scheduler - INFO - Added job "build_screener_cache_job" to job store "default"
2025-08-10 04:57:50,358 - apscheduler.scheduler - INFO - Scheduler started
2025-08-10 04:57:50,359 - breeze_api - INFO - APScheduler started: daily screener build at 15:40 IST, Mon–Fri
2025-08-10 04:57:53,823 - breeze_api - INFO - Starting Breeze Trading API
2025-08-10 04:57:53,824 - breeze_api - INFO - CORS origins: ['http://localhost:3000']
2025-08-10 04:57:53,824 - breeze_api - INFO - Session expiry hours: 24
2025-08-10 04:57:53,824 - breeze_api - INFO - Server rate limit: 100 / 3600s
2025-08-10 04:57:53,825 - breeze_api - INFO - Breeze rate limit: 100 / 60s
2025-08-10 04:57:53,827 - breeze_api - INFO - Loaded 18 holidays for 2025 from JSON
2025-08-10 04:57:53,868 - breeze_api - INFO - Loaded 2 instruments into memory
2025-08-10 04:57:53,976 - apscheduler.scheduler - INFO - Adding job tentatively -- it will be properly scheduled when the scheduler starts
2025-08-10 04:57:53,978 - apscheduler.scheduler - INFO - Added job "build_screener_cache_job" to job store "default"
2025-08-10 04:57:53,978 - apscheduler.scheduler - INFO - Scheduler started
2025-08-10 04:57:53,979 - breeze_api - INFO - APScheduler started: daily screener build at 15:40 IST, Mon–Fri
2025-08-10 04:57:55,653 - breeze_api - INFO - Login attempt for API key prefix: _3Dd2132...
2025-08-10 04:58:01,079 - APILogger - DEBUG - <Response [200]>
2025-08-10 04:58:01,080 - APILogger - DEBUG - Customer Details response: {'Success': {'exg_trade_date': {'NSE': '11-Aug-2025', 'BSE': '11-Aug-2025', 'FNO': '11-Aug-2025', 'NDX': '19-May-2025'}, 'exg_status': {'NSE': 'C', 'BSE': 'C', 'FNO': 'Y', 'NDX': 'X'}, 'segments_allowed': {'Trading': 'Y', 'Equity': 'Y', 'Derivatives': 'Y', 'Currency': 'Z'}, 'idirect_userid': 'AE585479', 'idirect_user_name': 'VIJAY WILSON NIRMAL', 'idirect_ORD_TYP': 'N', 'idirect_lastlogin_time': '10-Aug-2025 04:58:01', 'mf_holding_mode_popup_flg': 'N', 'commodity_exchange_status': 'Y', 'commodity_trade_date': '11-Aug-2025', 'commodity_allowed': 'C'}, 'Status': 200, 'Error': None}
2025-08-10 04:58:01,080 - breeze_api - INFO - Session created for token prefix: 52547203...
2025-08-10 04:58:01,487 - APILogger - DEBUG - Get Historical data V2 response
2025-08-10 04:58:01,721 - APILogger - DEBUG - Get Historical data V2 response
2025-08-10 04:58:01,933 - APILogger - DEBUG - Get Historical data V2 response
2025-08-10 04:58:02,143 - APILogger - DEBUG - Get Historical data V2 response
2025-08-10 04:58:02,355 - APILogger - DEBUG - Get Historical data V2 response
2025-08-10 04:58:02,557 - APILogger - DEBUG - Get Historical data V2 response
2025-08-10 04:58:02,759 - APILogger - DEBUG - Get Historical data V2 response
2025-08-10 04:58:02,963 - APILogger - DEBUG - Get Historical data V2 response
2025-08-10 04:58:30,153 - APILogger - DEBUG - Get Historical data V2 response
2025-08-10 04:58:30,390 - APILogger - DEBUG - Get Historical data V2 response
2025-08-10 04:58:30,570 - APILogger - DEBUG - Get Historical data V2 response
2025-08-10 04:58:30,751 - APILogger - DEBUG - Get Historical data V2 response
2025-08-10 04:58:30,936 - APILogger - DEBUG - Get Historical data V2 response
2025-08-10 04:58:31,139 - APILogger - DEBUG - Get Historical data V2 response
2025-08-10 04:58:31,339 - APILogger - DEBUG - Get Historical data V2 response
2025-08-10 04:58:31,547 - APILogger - DEBUG - Get Historical data V2 response
2025-08-10 04:58:31,738 - APILogger - DEBUG - Get Historical data V2 response
2025-08-10 04:58:31,920 - APILogger - DEBUG - Get Historical data V2 response
2025-08-10 04:58:32,130 - APILogger - DEBUG - Get Historical data V2 response
2025-08-10 04:58:32,374 - APILogger - DEBUG - Get Historical data V2 response
2025-08-10 04:58:32,665 - APILogger - DEBUG - Get Historical data V2 response
2025-08-10 04:58:32,931 - APILogger - DEBUG - Get Historical data V2 response
2025-08-10 04:58:33,196 - APILogger - DEBUG - Get Historical data V2 response
2025-08-10 04:58:33,452 - APILogger - DEBUG - Get Historical data V2 response
2025-08-10 04:58:33,732 - APILogger - DEBUG - Get Historical data V2 response
2025-08-10 04:58:34,021 - APILogger - DEBUG - Get Historical data V2 response
2025-08-10 04:58:34,242 - APILogger - DEBUG - Get Historical data V2 response
2025-08-10 04:58:34,439 - APILogger - DEBUG - Get Historical data V2 response
2025-08-10 05:02:53,604 - breeze_api - INFO - Starting Breeze Trading API
2025-08-10 05:02:53,604 - breeze_api - INFO - CORS origins: ['http://localhost:3000']
2025-08-10 05:02:53,605 - breeze_api - INFO - Session expiry hours: 24
2025-08-10 05:02:53,605 - breeze_api - INFO - Server rate limit: 100 / 3600s
2025-08-10 05:02:53,606 - breeze_api - INFO - Breeze rate limit: 100 / 60s
2025-08-10 05:02:53,609 - breeze_api - INFO - Loaded 18 holidays for 2025 from JSON
2025-08-10 05:02:53,661 - breeze_api - INFO - Loaded 2 instruments into memory
2025-08-10 05:02:53,775 - apscheduler.scheduler - INFO - Adding job tentatively -- it will be properly scheduled when the scheduler starts
2025-08-10 05:02:53,777 - apscheduler.scheduler - INFO - Added job "build_screener_cache_job" to job store "default"
2025-08-10 05:02:53,777 - apscheduler.scheduler - INFO - Scheduler started
2025-08-10 05:02:53,778 - breeze_api - INFO - APScheduler started: daily screener build at 15:40 IST, Mon–Fri
2025-08-10 05:03:27,828 - breeze_api - INFO - Starting Breeze Trading API
2025-08-10 05:03:27,829 - breeze_api - INFO - CORS origins: ['http://localhost:3000']
2025-08-10 05:03:27,829 - breeze_api - INFO - Session expiry hours: 24
2025-08-10 05:03:27,830 - breeze_api - INFO - Server rate limit: 100 / 3600s
2025-08-10 05:03:27,830 - breeze_api - INFO - Breeze rate limit: 100 / 60s
2025-08-10 05:03:27,833 - breeze_api - INFO - Loaded 18 holidays for 2025 from JSON
2025-08-10 05:03:27,875 - breeze_api - INFO - Loaded 2 instruments into memory
2025-08-10 05:03:27,985 - apscheduler.scheduler - INFO - Adding job tentatively -- it will be properly scheduled when the scheduler starts
2025-08-10 05:03:27,987 - apscheduler.scheduler - INFO - Added job "build_screener_cache_job" to job store "default"
2025-08-10 05:03:27,987 - apscheduler.scheduler - INFO - Scheduler started
2025-08-10 05:03:27,988 - breeze_api - INFO - APScheduler started: daily screener build at 15:40 IST, Mon–Fri
2025-08-10 05:03:30,581 - breeze_api - INFO - Starting Breeze Trading API
2025-08-10 05:03:30,582 - breeze_api - INFO - CORS origins: ['http://localhost:3000']
2025-08-10 05:03:30,582 - breeze_api - INFO - Session expiry hours: 24
2025-08-10 05:03:30,582 - breeze_api - INFO - Server rate limit: 100 / 3600s
2025-08-10 05:03:30,582 - breeze_api - INFO - Breeze rate limit: 100 / 60s
2025-08-10 05:03:30,584 - breeze_api - INFO - Loaded 18 holidays for 2025 from JSON
2025-08-10 05:03:30,628 - breeze_api - INFO - Loaded 2 instruments into memory
2025-08-10 05:03:30,739 - apscheduler.scheduler - INFO - Adding job tentatively -- it will be properly scheduled when the scheduler starts
2025-08-10 05:03:30,741 - apscheduler.scheduler - INFO - Added job "build_screener_cache_job" to job store "default"
2025-08-10 05:03:30,741 - apscheduler.scheduler - INFO - Scheduler started
2025-08-10 05:03:30,741 - breeze_api - INFO - APScheduler started: daily screener build at 15:40 IST, Mon–Fri
2025-08-10 05:03:40,653 - breeze_api - INFO - Login attempt for API key prefix: _3Dd2132...
2025-08-10 05:03:43,451 - APILogger - DEBUG - <Response [200]>
2025-08-10 05:03:43,452 - APILogger - DEBUG - Customer Details response: {'Success': {'exg_trade_date': {'NSE': '11-Aug-2025', 'BSE': '11-Aug-2025', 'FNO': '11-Aug-2025', 'NDX': '19-May-2025'}, 'exg_status': {'NSE': 'C', 'BSE': 'C', 'FNO': 'Y', 'NDX': 'X'}, 'segments_allowed': {'Trading': 'Y', 'Equity': 'Y', 'Derivatives': 'Y', 'Currency': 'Z'}, 'idirect_userid': 'AE585479', 'idirect_user_name': 'VIJAY WILSON NIRMAL', 'idirect_ORD_TYP': 'N', 'idirect_lastlogin_time': '10-Aug-2025 05:03:43', 'mf_holding_mode_popup_flg': 'N', 'commodity_exchange_status': 'Y', 'commodity_trade_date': '11-Aug-2025', 'commodity_allowed': 'C'}, 'Status': 200, 'Error': None}
2025-08-10 05:03:43,452 - breeze_api - INFO - Session created for token prefix: 52547203...
2025-08-10 05:03:43,911 - APILogger - DEBUG - Get Historical data V2 response
2025-08-10 05:03:44,109 - APILogger - DEBUG - Get Historical data V2 response
2025-08-10 05:03:44,307 - APILogger - DEBUG - Get Historical data V2 response
2025-08-10 05:03:44,506 - APILogger - DEBUG - Get Historical data V2 response
2025-08-10 05:03:44,708 - APILogger - DEBUG - Get Historical data V2 response
2025-08-10 05:03:44,907 - APILogger - DEBUG - Get Historical data V2 response
2025-08-10 05:03:45,107 - APILogger - DEBUG - Get Historical data V2 response
2025-08-10 05:03:45,309 - APILogger - DEBUG - Get Historical data V2 response
2025-08-10 05:03:52,445 - APILogger - DEBUG - Get Historical data V2 response
2025-08-10 05:03:52,641 - APILogger - DEBUG - Get Historical data V2 response
2025-08-10 05:03:52,829 - APILogger - DEBUG - Get Historical data V2 response
2025-08-10 05:03:53,023 - APILogger - DEBUG - Get Historical data V2 response
2025-08-10 05:03:53,203 - APILogger - DEBUG - Get Historical data V2 response
2025-08-10 05:03:53,428 - APILogger - DEBUG - Get Historical data V2 response
2025-08-10 05:03:53,626 - APILogger - DEBUG - Get Historical data V2 response
2025-08-10 05:03:53,829 - APILogger - DEBUG - Get Historical data V2 response
2025-08-10 05:03:54,027 - APILogger - DEBUG - Get Historical data V2 response
2025-08-10 05:03:54,225 - APILogger - DEBUG - Get Historical data V2 response
2025-08-10 05:03:54,419 - APILogger - DEBUG - Get Historical data V2 response
2025-08-10 05:03:54,612 - APILogger - DEBUG - Get Historical data V2 response
2025-08-10 05:03:54,805 - APILogger - DEBUG - Get Historical data V2 response
2025-08-10 05:03:55,005 - APILogger - DEBUG - Get Historical data V2 response
2025-08-10 05:03:55,193 - APILogger - DEBUG - Get Historical data V2 response
2025-08-10 05:03:55,390 - APILogger - DEBUG - Get Historical data V2 response
2025-08-10 05:03:55,579 - APILogger - DEBUG - Get Historical data V2 response
2025-08-10 05:03:55,772 - APILogger - DEBUG - Get Historical data V2 response
2025-08-10 05:03:55,977 - APILogger - DEBUG - Get Historical data V2 response
2025-08-10 05:03:56,170 - APILogger - DEBUG - Get Historical data V2 response
