2025-07-22 17:17:19,819 - <Response [200]>
2025-07-22 17:17:19,819 - Customer Details response: {'Success': {'exg_trade_date': {'NSE': '23-Jul-2025', 'BSE': '23-Jul-2025', 'FNO': '22-Jul-2025', 'NDX': '19-May-2025'}, 'exg_status': {'NSE': 'C', 'BSE': 'C', 'FNO': 'Y', 'NDX': 'X'}, 'segments_allowed': {'Trading': 'Y', 'Equity': 'Y', 'Derivatives': 'Y', 'Currency': 'Z'}, 'idirect_userid': 'AE585479', 'idirect_user_name': 'VIJAY WILSON NIRMAL', 'idirect_ORD_TYP': 'N', 'idirect_lastlogin_time': '22-Jul-2025 17:17:19', 'mf_holding_mode_popup_flg': 'N', 'commodity_exchange_status': 'Y', 'commodity_trade_date': '22-Jul-2025', 'commodity_allowed': 'C'}, 'Status': 200, 'Error': None}
2025-07-22 17:18:32,399 - <Response [200]>
2025-07-22 17:18:32,410 - Customer Details response: {'Success': {'exg_trade_date': {'NSE': '23-Jul-2025', 'BSE': '23-Jul-2025', 'FNO': '22-Jul-2025', 'NDX': '19-May-2025'}, 'exg_status': {'NSE': 'C', 'BSE': 'C', 'FNO': 'Y', 'NDX': 'X'}, 'segments_allowed': {'Trading': 'Y', 'Equity': 'Y', 'Derivatives': 'Y', 'Currency': 'Z'}, 'idirect_userid': 'AE585479', 'idirect_user_name': 'VIJAY WILSON NIRMAL', 'idirect_ORD_TYP': 'N', 'idirect_lastlogin_time': '22-Jul-2025 17:18:32', 'mf_holding_mode_popup_flg': 'N', 'commodity_exchange_status': 'Y', 'commodity_trade_date': '22-Jul-2025', 'commodity_allowed': 'C'}, 'Status': 200, 'Error': None}
2025-07-22 17:20:10,640 - <Response [200]>
2025-07-22 17:20:10,640 - Customer Details response: {'Success': {'exg_trade_date': {'NSE': '23-Jul-2025', 'BSE': '23-Jul-2025', 'FNO': '22-Jul-2025', 'NDX': '19-May-2025'}, 'exg_status': {'NSE': 'C', 'BSE': 'C', 'FNO': 'Y', 'NDX': 'X'}, 'segments_allowed': {'Trading': 'Y', 'Equity': 'Y', 'Derivatives': 'Y', 'Currency': 'Z'}, 'idirect_userid': 'AE585479', 'idirect_user_name': 'VIJAY WILSON NIRMAL', 'idirect_ORD_TYP': 'N', 'idirect_lastlogin_time': '22-Jul-2025 17:20:10', 'mf_holding_mode_popup_flg': 'N', 'commodity_exchange_status': 'Y', 'commodity_trade_date': '22-Jul-2025', 'commodity_allowed': 'C'}, 'Status': 200, 'Error': None}
2025-07-22 17:21:41,849 - <Response [200]>
2025-07-22 17:21:41,850 - Customer Details response: {'Success': {'exg_trade_date': {'NSE': '23-Jul-2025', 'BSE': '23-Jul-2025', 'FNO': '22-Jul-2025', 'NDX': '19-May-2025'}, 'exg_status': {'NSE': 'C', 'BSE': 'C', 'FNO': 'Y', 'NDX': 'X'}, 'segments_allowed': {'Trading': 'Y', 'Equity': 'Y', 'Derivatives': 'Y', 'Currency': 'Z'}, 'idirect_userid': 'AE585479', 'idirect_user_name': 'VIJAY WILSON NIRMAL', 'idirect_ORD_TYP': 'N', 'idirect_lastlogin_time': '22-Jul-2025 17:21:41', 'mf_holding_mode_popup_flg': 'N', 'commodity_exchange_status': 'Y', 'commodity_trade_date': '22-Jul-2025', 'commodity_allowed': 'C'}, 'Status': 200, 'Error': None}
2025-07-22 17:21:46,260 - <Response [200]>
2025-07-22 17:21:46,260 - Get funds response: {'Success': {'bank_account': '336801001395', 'total_bank_balance': 0.0, 'allocated_equity': 0.0, 'allocated_fno': 0.0, 'allocated_commodity': 0.0, 'allocated_currency': 0.0, 'block_by_trade_equity': 0.0, 'block_by_trade_fno': 0.0, 'block_by_trade_commodity': 0.0, 'block_by_trade_currency': 0.0, 'block_by_trade_balance': 0.0, 'unallocated_balance': '90.72'}, 'Status': 200, 'Error': None}
2025-07-22 17:25:58,176 - <Response [200]>
2025-07-22 17:25:58,176 - Customer Details response: {'Success': {'exg_trade_date': {'NSE': '23-Jul-2025', 'BSE': '23-Jul-2025', 'FNO': '22-Jul-2025', 'NDX': '19-May-2025'}, 'exg_status': {'NSE': 'C', 'BSE': 'C', 'FNO': 'Y', 'NDX': 'X'}, 'segments_allowed': {'Trading': 'Y', 'Equity': 'Y', 'Derivatives': 'Y', 'Currency': 'Z'}, 'idirect_userid': 'AE585479', 'idirect_user_name': 'VIJAY WILSON NIRMAL', 'idirect_ORD_TYP': 'N', 'idirect_lastlogin_time': '22-Jul-2025 17:25:58', 'mf_holding_mode_popup_flg': 'N', 'commodity_exchange_status': 'Y', 'commodity_trade_date': '22-Jul-2025', 'commodity_allowed': 'C'}, 'Status': 200, 'Error': None}
2025-07-22 17:26:02,866 - <Response [200]>
2025-07-22 17:26:02,867 - Get funds response: {'Success': {'bank_account': '336801001395', 'total_bank_balance': 0.0, 'allocated_equity': 0.0, 'allocated_fno': 0.0, 'allocated_commodity': 0.0, 'allocated_currency': 0.0, 'block_by_trade_equity': 0.0, 'block_by_trade_fno': 0.0, 'block_by_trade_commodity': 0.0, 'block_by_trade_currency': 0.0, 'block_by_trade_balance': 0.0, 'unallocated_balance': '90.72'}, 'Status': 200, 'Error': None}
2025-07-22 17:26:19,825 - <Response [200]>
2025-07-22 17:26:19,825 - Get funds response: {'Success': {'bank_account': '336801001395', 'total_bank_balance': 0.0, 'allocated_equity': 0.0, 'allocated_fno': 0.0, 'allocated_commodity': 0.0, 'allocated_currency': 0.0, 'block_by_trade_equity': 0.0, 'block_by_trade_fno': 0.0, 'block_by_trade_commodity': 0.0, 'block_by_trade_currency': 0.0, 'block_by_trade_balance': 0.0, 'unallocated_balance': '90.72'}, 'Status': 200, 'Error': None}
2025-07-22 17:26:23,878 - <Response [200]>
2025-07-22 17:26:23,878 - Get funds response: {'Success': {'bank_account': '336801001395', 'total_bank_balance': 0.0, 'allocated_equity': 0.0, 'allocated_fno': 0.0, 'allocated_commodity': 0.0, 'allocated_currency': 0.0, 'block_by_trade_equity': 0.0, 'block_by_trade_fno': 0.0, 'block_by_trade_commodity': 0.0, 'block_by_trade_currency': 0.0, 'block_by_trade_balance': 0.0, 'unallocated_balance': '90.72'}, 'Status': 200, 'Error': None}
2025-07-22 17:26:27,406 - <Response [200]>
2025-07-22 17:26:27,406 - Get funds response: {'Success': {'bank_account': '336801001395', 'total_bank_balance': 0.0, 'allocated_equity': 0.0, 'allocated_fno': 0.0, 'allocated_commodity': 0.0, 'allocated_currency': 0.0, 'block_by_trade_equity': 0.0, 'block_by_trade_fno': 0.0, 'block_by_trade_commodity': 0.0, 'block_by_trade_currency': 0.0, 'block_by_trade_balance': 0.0, 'unallocated_balance': '90.72'}, 'Status': 200, 'Error': None}
2025-07-22 17:26:30,108 - <Response [200]>
2025-07-22 17:26:30,108 - Get funds response: {'Success': {'bank_account': '336801001395', 'total_bank_balance': 0.0, 'allocated_equity': 0.0, 'allocated_fno': 0.0, 'allocated_commodity': 0.0, 'allocated_currency': 0.0, 'block_by_trade_equity': 0.0, 'block_by_trade_fno': 0.0, 'block_by_trade_commodity': 0.0, 'block_by_trade_currency': 0.0, 'block_by_trade_balance': 0.0, 'unallocated_balance': '90.72'}, 'Status': 200, 'Error': None}
2025-07-22 17:30:10,253 - <Response [200]>
2025-07-22 17:30:10,253 - Customer Details response: {'Success': {'exg_trade_date': {'NSE': '23-Jul-2025', 'BSE': '23-Jul-2025', 'FNO': '22-Jul-2025', 'NDX': '19-May-2025'}, 'exg_status': {'NSE': 'C', 'BSE': 'C', 'FNO': 'Y', 'NDX': 'X'}, 'segments_allowed': {'Trading': 'Y', 'Equity': 'Y', 'Derivatives': 'Y', 'Currency': 'Z'}, 'idirect_userid': 'AE585479', 'idirect_user_name': 'VIJAY WILSON NIRMAL', 'idirect_ORD_TYP': 'N', 'idirect_lastlogin_time': '22-Jul-2025 17:30:10', 'mf_holding_mode_popup_flg': 'N', 'commodity_exchange_status': 'Y', 'commodity_trade_date': '22-Jul-2025', 'commodity_allowed': 'C'}, 'Status': 200, 'Error': None}
2025-07-22 17:30:14,560 - <Response [200]>
2025-07-22 17:30:14,560 - Get funds response: {'Success': {'bank_account': '336801001395', 'total_bank_balance': 0.0, 'allocated_equity': 0.0, 'allocated_fno': 0.0, 'allocated_commodity': 0.0, 'allocated_currency': 0.0, 'block_by_trade_equity': 0.0, 'block_by_trade_fno': 0.0, 'block_by_trade_commodity': 0.0, 'block_by_trade_currency': 0.0, 'block_by_trade_balance': 0.0, 'unallocated_balance': '90.72'}, 'Status': 200, 'Error': None}
2025-07-22 17:38:56,791 - <Response [200]>
2025-07-22 17:38:56,791 - Customer Details response: {'Success': {'exg_trade_date': {'NSE': '23-Jul-2025', 'BSE': '23-Jul-2025', 'FNO': '22-Jul-2025', 'NDX': '19-May-2025'}, 'exg_status': {'NSE': 'C', 'BSE': 'C', 'FNO': 'Y', 'NDX': 'X'}, 'segments_allowed': {'Trading': 'Y', 'Equity': 'Y', 'Derivatives': 'Y', 'Currency': 'Z'}, 'idirect_userid': 'AE585479', 'idirect_user_name': 'VIJAY WILSON NIRMAL', 'idirect_ORD_TYP': 'N', 'idirect_lastlogin_time': '22-Jul-2025 17:38:56', 'mf_holding_mode_popup_flg': 'N', 'commodity_exchange_status': 'Y', 'commodity_trade_date': '22-Jul-2025', 'commodity_allowed': 'C'}, 'Status': 200, 'Error': None}
2025-07-22 17:38:56,990 - <Response [200]>
2025-07-22 17:38:56,991 - Get funds response: {'Success': {'bank_account': '336801001395', 'total_bank_balance': 0.0, 'allocated_equity': 0.0, 'allocated_fno': 0.0, 'allocated_commodity': 0.0, 'allocated_currency': 0.0, 'block_by_trade_equity': 0.0, 'block_by_trade_fno': 0.0, 'block_by_trade_commodity': 0.0, 'block_by_trade_currency': 0.0, 'block_by_trade_balance': 0.0, 'unallocated_balance': '90.72'}, 'Status': 200, 'Error': None}
2025-07-22 17:40:39,038 - <Response [200]>
2025-07-22 17:40:39,038 - Customer Details response: {'Success': {'exg_trade_date': {'NSE': '23-Jul-2025', 'BSE': '23-Jul-2025', 'FNO': '22-Jul-2025', 'NDX': '19-May-2025'}, 'exg_status': {'NSE': 'C', 'BSE': 'C', 'FNO': 'Y', 'NDX': 'X'}, 'segments_allowed': {'Trading': 'Y', 'Equity': 'Y', 'Derivatives': 'Y', 'Currency': 'Z'}, 'idirect_userid': 'AE585479', 'idirect_user_name': 'VIJAY WILSON NIRMAL', 'idirect_ORD_TYP': 'N', 'idirect_lastlogin_time': '22-Jul-2025 17:40:38', 'mf_holding_mode_popup_flg': 'N', 'commodity_exchange_status': 'Y', 'commodity_trade_date': '22-Jul-2025', 'commodity_allowed': 'C'}, 'Status': 200, 'Error': None}
2025-07-22 17:40:39,248 - <Response [200]>
2025-07-22 17:40:39,249 - Get funds response: {'Success': {'bank_account': '336801001395', 'total_bank_balance': 0.0, 'allocated_equity': 0.0, 'allocated_fno': 0.0, 'allocated_commodity': 0.0, 'allocated_currency': 0.0, 'block_by_trade_equity': 0.0, 'block_by_trade_fno': 0.0, 'block_by_trade_commodity': 0.0, 'block_by_trade_currency': 0.0, 'block_by_trade_balance': 0.0, 'unallocated_balance': '90.72'}, 'Status': 200, 'Error': None}
2025-07-22 17:42:08,399 - <Response [200]>
2025-07-22 17:42:08,400 - Customer Details response: {'Success': {'exg_trade_date': {'NSE': '23-Jul-2025', 'BSE': '23-Jul-2025', 'FNO': '22-Jul-2025', 'NDX': '19-May-2025'}, 'exg_status': {'NSE': 'C', 'BSE': 'C', 'FNO': 'Y', 'NDX': 'X'}, 'segments_allowed': {'Trading': 'Y', 'Equity': 'Y', 'Derivatives': 'Y', 'Currency': 'Z'}, 'idirect_userid': 'AE585479', 'idirect_user_name': 'VIJAY WILSON NIRMAL', 'idirect_ORD_TYP': 'N', 'idirect_lastlogin_time': '22-Jul-2025 17:42:08', 'mf_holding_mode_popup_flg': 'N', 'commodity_exchange_status': 'Y', 'commodity_trade_date': '22-Jul-2025', 'commodity_allowed': 'C'}, 'Status': 200, 'Error': None}
2025-07-22 17:42:08,568 - <Response [200]>
2025-07-22 17:42:08,569 - Get funds response: {'Success': {'bank_account': '336801001395', 'total_bank_balance': 0.0, 'allocated_equity': 0.0, 'allocated_fno': 0.0, 'allocated_commodity': 0.0, 'allocated_currency': 0.0, 'block_by_trade_equity': 0.0, 'block_by_trade_fno': 0.0, 'block_by_trade_commodity': 0.0, 'block_by_trade_currency': 0.0, 'block_by_trade_balance': 0.0, 'unallocated_balance': '90.72'}, 'Status': 200, 'Error': None}
2025-07-22 19:44:09,283 - <Response [200]>
2025-07-22 19:44:09,284 - Customer Details response: {'Success': {'exg_trade_date': {'NSE': '23-Jul-2025', 'BSE': '23-Jul-2025', 'FNO': '22-Jul-2025', 'NDX': '19-May-2025'}, 'exg_status': {'NSE': 'C', 'BSE': 'C', 'FNO': 'Y', 'NDX': 'X'}, 'segments_allowed': {'Trading': 'Y', 'Equity': 'Y', 'Derivatives': 'Y', 'Currency': 'Z'}, 'idirect_userid': 'AE585479', 'idirect_user_name': 'VIJAY WILSON NIRMAL', 'idirect_ORD_TYP': 'N', 'idirect_lastlogin_time': '22-Jul-2025 19:44:09', 'mf_holding_mode_popup_flg': 'N', 'commodity_exchange_status': 'Y', 'commodity_trade_date': '22-Jul-2025', 'commodity_allowed': 'C'}, 'Status': 200, 'Error': None}
2025-07-22 19:44:09,503 - <Response [200]>
2025-07-22 19:44:09,503 - Get funds response: {'Success': {'bank_account': '336801001395', 'total_bank_balance': 0.0, 'allocated_equity': 0.0, 'allocated_fno': 0.0, 'allocated_commodity': 0.0, 'allocated_currency': 0.0, 'block_by_trade_equity': 0.0, 'block_by_trade_fno': 0.0, 'block_by_trade_commodity': 0.0, 'block_by_trade_currency': 0.0, 'block_by_trade_balance': 0.0, 'unallocated_balance': '70.72'}, 'Status': 200, 'Error': None}
2025-07-22 19:50:57,957 - <Response [200]>
2025-07-22 19:50:57,957 - Customer Details response: {'Success': {'exg_trade_date': {'NSE': '23-Jul-2025', 'BSE': '23-Jul-2025', 'FNO': '22-Jul-2025', 'NDX': '19-May-2025'}, 'exg_status': {'NSE': 'C', 'BSE': 'C', 'FNO': 'Y', 'NDX': 'X'}, 'segments_allowed': {'Trading': 'Y', 'Equity': 'Y', 'Derivatives': 'Y', 'Currency': 'Z'}, 'idirect_userid': 'AE585479', 'idirect_user_name': 'VIJAY WILSON NIRMAL', 'idirect_ORD_TYP': 'N', 'idirect_lastlogin_time': '22-Jul-2025 19:50:57', 'mf_holding_mode_popup_flg': 'N', 'commodity_exchange_status': 'Y', 'commodity_trade_date': '22-Jul-2025', 'commodity_allowed': 'C'}, 'Status': 200, 'Error': None}
2025-07-22 19:50:58,769 - <Response [200]>
2025-07-22 19:50:58,769 - Get funds response: {'Success': {'bank_account': '336801001395', 'total_bank_balance': 0.0, 'allocated_equity': 0.0, 'allocated_fno': 0.0, 'allocated_commodity': 0.0, 'allocated_currency': 0.0, 'block_by_trade_equity': 0.0, 'block_by_trade_fno': 0.0, 'block_by_trade_commodity': 0.0, 'block_by_trade_currency': 0.0, 'block_by_trade_balance': 0.0, 'unallocated_balance': '70.72'}, 'Status': 200, 'Error': None}
2025-07-23 03:44:44,570 - <Response [200]>
2025-07-23 03:44:44,571 - Customer Details response: {'Success': {'exg_trade_date': {'NSE': '23-Jul-2025', 'BSE': '23-Jul-2025', 'FNO': '23-Jul-2025', 'NDX': '19-May-2025'}, 'exg_status': {'NSE': 'C', 'BSE': 'C', 'FNO': 'Y', 'NDX': 'X'}, 'segments_allowed': {'Trading': 'Y', 'Equity': 'Y', 'Derivatives': 'Y', 'Currency': 'Z'}, 'idirect_userid': 'AE585479', 'idirect_user_name': 'VIJAY WILSON NIRMAL', 'idirect_ORD_TYP': 'N', 'idirect_lastlogin_time': '23-Jul-2025 03:44:45', 'mf_holding_mode_popup_flg': 'N', 'commodity_exchange_status': 'Y', 'commodity_trade_date': '22-Jul-2025', 'commodity_allowed': 'C'}, 'Status': 200, 'Error': None}
2025-07-23 03:44:44,934 - <Response [200]>
2025-07-23 03:44:44,935 - Get funds response: {'Success': {'bank_account': '336801001395', 'total_bank_balance': 0.0, 'allocated_equity': 0.0, 'allocated_fno': 0.0, 'allocated_commodity': 0.0, 'allocated_currency': 0.0, 'block_by_trade_equity': 0.0, 'block_by_trade_fno': 0.0, 'block_by_trade_commodity': 0.0, 'block_by_trade_currency': 0.0, 'block_by_trade_balance': 0.0, 'unallocated_balance': '10.72'}, 'Status': 200, 'Error': None}
2025-07-23 03:52:09,941 - <Response [200]>
2025-07-23 03:52:09,942 - Customer Details response: {'Success': {'exg_trade_date': {'NSE': '23-Jul-2025', 'BSE': '23-Jul-2025', 'FNO': '23-Jul-2025', 'NDX': '19-May-2025'}, 'exg_status': {'NSE': 'C', 'BSE': 'C', 'FNO': 'Y', 'NDX': 'X'}, 'segments_allowed': {'Trading': 'Y', 'Equity': 'Y', 'Derivatives': 'Y', 'Currency': 'Z'}, 'idirect_userid': 'AE585479', 'idirect_user_name': 'VIJAY WILSON NIRMAL', 'idirect_ORD_TYP': 'N', 'idirect_lastlogin_time': '23-Jul-2025 03:52:10', 'mf_holding_mode_popup_flg': 'N', 'commodity_exchange_status': 'Y', 'commodity_trade_date': '22-Jul-2025', 'commodity_allowed': 'C'}, 'Status': 200, 'Error': None}
2025-07-23 03:52:10,219 - <Response [200]>
2025-07-23 03:52:10,219 - Get funds response: {'Success': {'bank_account': '336801001395', 'total_bank_balance': 0.0, 'allocated_equity': 0.0, 'allocated_fno': 0.0, 'allocated_commodity': 0.0, 'allocated_currency': 0.0, 'block_by_trade_equity': 0.0, 'block_by_trade_fno': 0.0, 'block_by_trade_commodity': 0.0, 'block_by_trade_currency': 0.0, 'block_by_trade_balance': 0.0, 'unallocated_balance': '10.72'}, 'Status': 200, 'Error': None}
2025-07-23 03:59:14,547 - <Response [200]>
2025-07-23 03:59:14,548 - Customer Details response: {'Success': {'exg_trade_date': {'NSE': '23-Jul-2025', 'BSE': '23-Jul-2025', 'FNO': '23-Jul-2025', 'NDX': '19-May-2025'}, 'exg_status': {'NSE': 'C', 'BSE': 'C', 'FNO': 'Y', 'NDX': 'X'}, 'segments_allowed': {'Trading': 'Y', 'Equity': 'Y', 'Derivatives': 'Y', 'Currency': 'Z'}, 'idirect_userid': 'AE585479', 'idirect_user_name': 'VIJAY WILSON NIRMAL', 'idirect_ORD_TYP': 'N', 'idirect_lastlogin_time': '23-Jul-2025 03:59:15', 'mf_holding_mode_popup_flg': 'N', 'commodity_exchange_status': 'Y', 'commodity_trade_date': '22-Jul-2025', 'commodity_allowed': 'C'}, 'Status': 200, 'Error': None}
2025-07-23 03:59:15,250 - <Response [200]>
2025-07-23 03:59:15,251 - Get funds response: {'Success': {'bank_account': '336801001395', 'total_bank_balance': 0.0, 'allocated_equity': 0.0, 'allocated_fno': 0.0, 'allocated_commodity': 0.0, 'allocated_currency': 0.0, 'block_by_trade_equity': 0.0, 'block_by_trade_fno': 0.0, 'block_by_trade_commodity': 0.0, 'block_by_trade_currency': 0.0, 'block_by_trade_balance': 0.0, 'unallocated_balance': '10.72'}, 'Status': 200, 'Error': None}
2025-07-23 04:00:05,449 - <Response [200]>
2025-07-23 04:00:05,450 - Customer Details response: {'Success': {'exg_trade_date': {'NSE': '23-Jul-2025', 'BSE': '23-Jul-2025', 'FNO': '23-Jul-2025', 'NDX': '19-May-2025'}, 'exg_status': {'NSE': 'C', 'BSE': 'C', 'FNO': 'Y', 'NDX': 'X'}, 'segments_allowed': {'Trading': 'Y', 'Equity': 'Y', 'Derivatives': 'Y', 'Currency': 'Z'}, 'idirect_userid': 'AE585479', 'idirect_user_name': 'VIJAY WILSON NIRMAL', 'idirect_ORD_TYP': 'N', 'idirect_lastlogin_time': '23-Jul-2025 04:00:05', 'mf_holding_mode_popup_flg': 'N', 'commodity_exchange_status': 'Y', 'commodity_trade_date': '22-Jul-2025', 'commodity_allowed': 'C'}, 'Status': 200, 'Error': None}
2025-07-23 04:00:05,804 - <Response [200]>
2025-07-23 04:00:05,804 - Get funds response: {'Success': {'bank_account': '336801001395', 'total_bank_balance': 0.0, 'allocated_equity': 0.0, 'allocated_fno': 0.0, 'allocated_commodity': 0.0, 'allocated_currency': 0.0, 'block_by_trade_equity': 0.0, 'block_by_trade_fno': 0.0, 'block_by_trade_commodity': 0.0, 'block_by_trade_currency': 0.0, 'block_by_trade_balance': 0.0, 'unallocated_balance': '10.72'}, 'Status': 200, 'Error': None}
2025-07-23 15:40:14,607 - <Response [200]>
2025-07-23 15:40:14,608 - Customer Details response: {'Success': {'exg_trade_date': {'NSE': '23-Jul-2025', 'BSE': '23-Jul-2025', 'FNO': '23-Jul-2025', 'NDX': '19-May-2025'}, 'exg_status': {'NSE': 'X', 'BSE': 'X', 'FNO': 'Y', 'NDX': 'X'}, 'segments_allowed': {'Trading': 'Y', 'Equity': 'Y', 'Derivatives': 'Y', 'Currency': 'Z'}, 'idirect_userid': 'AE585479', 'idirect_user_name': 'VIJAY WILSON NIRMAL', 'idirect_ORD_TYP': 'N', 'idirect_lastlogin_time': '23-Jul-2025 15:40:14', 'mf_holding_mode_popup_flg': 'N', 'commodity_exchange_status': 'Y', 'commodity_trade_date': '23-Jul-2025', 'commodity_allowed': 'X'}, 'Status': 200, 'Error': None}
2025-07-23 15:40:14,890 - <Response [200]>
2025-07-23 15:40:14,890 - Get funds response: {'Success': {'bank_account': '336801001395', 'total_bank_balance': 0.0, 'allocated_equity': 0.0, 'allocated_fno': 0.0, 'allocated_commodity': 0.0, 'allocated_currency': 0.0, 'block_by_trade_equity': 0.0, 'block_by_trade_fno': 0.0, 'block_by_trade_commodity': 0.0, 'block_by_trade_currency': 0.0, 'block_by_trade_balance': 0.0, 'unallocated_balance': '10.72'}, 'Status': 200, 'Error': None}
2025-07-23 15:42:23,775 - <Response [200]>
2025-07-23 15:42:23,776 - Customer Details response: {'Success': {'exg_trade_date': {'NSE': '23-Jul-2025', 'BSE': '23-Jul-2025', 'FNO': '23-Jul-2025', 'NDX': '19-May-2025'}, 'exg_status': {'NSE': 'X', 'BSE': 'X', 'FNO': 'Y', 'NDX': 'X'}, 'segments_allowed': {'Trading': 'Y', 'Equity': 'Y', 'Derivatives': 'Y', 'Currency': 'Z'}, 'idirect_userid': 'AE585479', 'idirect_user_name': 'VIJAY WILSON NIRMAL', 'idirect_ORD_TYP': 'N', 'idirect_lastlogin_time': '23-Jul-2025 15:42:24', 'mf_holding_mode_popup_flg': 'N', 'commodity_exchange_status': 'Y', 'commodity_trade_date': '23-Jul-2025', 'commodity_allowed': 'X'}, 'Status': 200, 'Error': None}
2025-07-23 15:42:24,045 - <Response [200]>
2025-07-23 15:42:24,045 - Get funds response: {'Success': {'bank_account': '336801001395', 'total_bank_balance': 0.0, 'allocated_equity': 0.0, 'allocated_fno': 0.0, 'allocated_commodity': 0.0, 'allocated_currency': 0.0, 'block_by_trade_equity': 0.0, 'block_by_trade_fno': 0.0, 'block_by_trade_commodity': 0.0, 'block_by_trade_currency': 0.0, 'block_by_trade_balance': 0.0, 'unallocated_balance': '10.72'}, 'Status': 200, 'Error': None}
2025-07-23 15:45:07,737 - <Response [200]>
2025-07-23 15:45:07,738 - Customer Details response: {'Success': {'exg_trade_date': {'NSE': '23-Jul-2025', 'BSE': '23-Jul-2025', 'FNO': '23-Jul-2025', 'NDX': '19-May-2025'}, 'exg_status': {'NSE': 'X', 'BSE': 'X', 'FNO': 'Y', 'NDX': 'X'}, 'segments_allowed': {'Trading': 'Y', 'Equity': 'Y', 'Derivatives': 'Y', 'Currency': 'Z'}, 'idirect_userid': 'AE585479', 'idirect_user_name': 'VIJAY WILSON NIRMAL', 'idirect_ORD_TYP': 'N', 'idirect_lastlogin_time': '23-Jul-2025 15:45:07', 'mf_holding_mode_popup_flg': 'N', 'commodity_exchange_status': 'Y', 'commodity_trade_date': '23-Jul-2025', 'commodity_allowed': 'X'}, 'Status': 200, 'Error': None}
2025-07-23 15:45:08,019 - <Response [200]>
2025-07-23 15:45:08,019 - Get funds response: {'Success': {'bank_account': '336801001395', 'total_bank_balance': 0.0, 'allocated_equity': 0.0, 'allocated_fno': 0.0, 'allocated_commodity': 0.0, 'allocated_currency': 0.0, 'block_by_trade_equity': 0.0, 'block_by_trade_fno': 0.0, 'block_by_trade_commodity': 0.0, 'block_by_trade_currency': 0.0, 'block_by_trade_balance': 0.0, 'unallocated_balance': '10.72'}, 'Status': 200, 'Error': None}
2025-07-23 15:47:05,969 - <Response [200]>
2025-07-23 15:47:05,969 - Customer Details response: {'Success': {'exg_trade_date': {'NSE': '23-Jul-2025', 'BSE': '23-Jul-2025', 'FNO': '23-Jul-2025', 'NDX': '19-May-2025'}, 'exg_status': {'NSE': 'X', 'BSE': 'X', 'FNO': 'Y', 'NDX': 'X'}, 'segments_allowed': {'Trading': 'Y', 'Equity': 'Y', 'Derivatives': 'Y', 'Currency': 'Z'}, 'idirect_userid': 'AE585479', 'idirect_user_name': 'VIJAY WILSON NIRMAL', 'idirect_ORD_TYP': 'N', 'idirect_lastlogin_time': '23-Jul-2025 15:47:06', 'mf_holding_mode_popup_flg': 'N', 'commodity_exchange_status': 'Y', 'commodity_trade_date': '23-Jul-2025', 'commodity_allowed': 'X'}, 'Status': 200, 'Error': None}
2025-07-23 15:47:06,979 - <Response [200]>
2025-07-23 15:47:06,979 - Get funds response: {'Success': {'bank_account': '336801001395', 'total_bank_balance': 0.0, 'allocated_equity': 0.0, 'allocated_fno': 0.0, 'allocated_commodity': 0.0, 'allocated_currency': 0.0, 'block_by_trade_equity': 0.0, 'block_by_trade_fno': 0.0, 'block_by_trade_commodity': 0.0, 'block_by_trade_currency': 0.0, 'block_by_trade_balance': 0.0, 'unallocated_balance': '10.72'}, 'Status': 200, 'Error': None}
2025-07-23 16:14:43,538 - <Response [200]>
2025-07-23 16:14:43,539 - Customer Details response: {'Success': {'exg_trade_date': {'NSE': '24-Jul-2025', 'BSE': '24-Jul-2025', 'FNO': '23-Jul-2025', 'NDX': '19-May-2025'}, 'exg_status': {'NSE': 'X', 'BSE': 'X', 'FNO': 'Y', 'NDX': 'X'}, 'segments_allowed': {'Trading': 'Y', 'Equity': 'Y', 'Derivatives': 'Y', 'Currency': 'Z'}, 'idirect_userid': 'AE585479', 'idirect_user_name': 'VIJAY WILSON NIRMAL', 'idirect_ORD_TYP': 'N', 'idirect_lastlogin_time': '23-Jul-2025 16:14:43', 'mf_holding_mode_popup_flg': 'N', 'commodity_exchange_status': 'Y', 'commodity_trade_date': '23-Jul-2025', 'commodity_allowed': 'X'}, 'Status': 200, 'Error': None}
2025-07-23 16:14:43,797 - <Response [200]>
2025-07-23 16:14:43,798 - Get funds response: {'Success': {'bank_account': '336801001395', 'total_bank_balance': 0.0, 'allocated_equity': 0.0, 'allocated_fno': 0.0, 'allocated_commodity': 0.0, 'allocated_currency': 0.0, 'block_by_trade_equity': 0.0, 'block_by_trade_fno': 0.0, 'block_by_trade_commodity': 0.0, 'block_by_trade_currency': 0.0, 'block_by_trade_balance': 0.0, 'unallocated_balance': '10.72'}, 'Status': 200, 'Error': None}
2025-07-23 16:17:12,425 - <Response [200]>
2025-07-23 16:17:12,426 - Customer Details response: {'Success': {'exg_trade_date': {'NSE': '24-Jul-2025', 'BSE': '24-Jul-2025', 'FNO': '23-Jul-2025', 'NDX': '19-May-2025'}, 'exg_status': {'NSE': 'X', 'BSE': 'X', 'FNO': 'Y', 'NDX': 'X'}, 'segments_allowed': {'Trading': 'Y', 'Equity': 'Y', 'Derivatives': 'Y', 'Currency': 'Z'}, 'idirect_userid': 'AE585479', 'idirect_user_name': 'VIJAY WILSON NIRMAL', 'idirect_ORD_TYP': 'N', 'idirect_lastlogin_time': '23-Jul-2025 16:17:12', 'mf_holding_mode_popup_flg': 'N', 'commodity_exchange_status': 'Y', 'commodity_trade_date': '23-Jul-2025', 'commodity_allowed': 'X'}, 'Status': 200, 'Error': None}
2025-07-23 16:17:12,717 - <Response [200]>
2025-07-23 16:17:12,717 - Get funds response: {'Success': {'bank_account': '336801001395', 'total_bank_balance': 0.0, 'allocated_equity': 0.0, 'allocated_fno': 0.0, 'allocated_commodity': 0.0, 'allocated_currency': 0.0, 'block_by_trade_equity': 0.0, 'block_by_trade_fno': 0.0, 'block_by_trade_commodity': 0.0, 'block_by_trade_currency': 0.0, 'block_by_trade_balance': 0.0, 'unallocated_balance': '10.72'}, 'Status': 200, 'Error': None}
2025-07-23 16:28:58,816 - <Response [200]>
2025-07-23 16:28:58,816 - Customer Details response: {'Success': {'exg_trade_date': {'NSE': '24-Jul-2025', 'BSE': '24-Jul-2025', 'FNO': '23-Jul-2025', 'NDX': '19-May-2025'}, 'exg_status': {'NSE': 'X', 'BSE': 'X', 'FNO': 'Y', 'NDX': 'X'}, 'segments_allowed': {'Trading': 'Y', 'Equity': 'Y', 'Derivatives': 'Y', 'Currency': 'Z'}, 'idirect_userid': 'AE585479', 'idirect_user_name': 'VIJAY WILSON NIRMAL', 'idirect_ORD_TYP': 'N', 'idirect_lastlogin_time': '23-Jul-2025 16:28:59', 'mf_holding_mode_popup_flg': 'N', 'commodity_exchange_status': 'Y', 'commodity_trade_date': '23-Jul-2025', 'commodity_allowed': 'X'}, 'Status': 200, 'Error': None}
2025-07-23 16:28:59,077 - <Response [200]>
2025-07-23 16:28:59,078 - Get funds response: {'Success': {'bank_account': '336801001395', 'total_bank_balance': 0.0, 'allocated_equity': 0.0, 'allocated_fno': 0.0, 'allocated_commodity': 0.0, 'allocated_currency': 0.0, 'block_by_trade_equity': 0.0, 'block_by_trade_fno': 0.0, 'block_by_trade_commodity': 0.0, 'block_by_trade_currency': 0.0, 'block_by_trade_balance': 0.0, 'unallocated_balance': '10.72'}, 'Status': 200, 'Error': None}
2025-07-23 17:35:53,405 - <Response [200]>
2025-07-23 17:35:53,406 - Customer Details response: {'Success': {'exg_trade_date': {'NSE': '24-Jul-2025', 'BSE': '24-Jul-2025', 'FNO': '23-Jul-2025', 'NDX': '19-May-2025'}, 'exg_status': {'NSE': 'C', 'BSE': 'C', 'FNO': 'Y', 'NDX': 'X'}, 'segments_allowed': {'Trading': 'Y', 'Equity': 'Y', 'Derivatives': 'Y', 'Currency': 'Z'}, 'idirect_userid': 'AE585479', 'idirect_user_name': 'VIJAY WILSON NIRMAL', 'idirect_ORD_TYP': 'N', 'idirect_lastlogin_time': '23-Jul-2025 17:35:53', 'mf_holding_mode_popup_flg': 'N', 'commodity_exchange_status': 'Y', 'commodity_trade_date': '23-Jul-2025', 'commodity_allowed': 'C'}, 'Status': 200, 'Error': None}
2025-07-23 17:35:53,731 - <Response [200]>
2025-07-23 17:35:53,731 - Get funds response: {'Success': {'bank_account': '336801001395', 'total_bank_balance': 0.0, 'allocated_equity': 0.0, 'allocated_fno': 0.0, 'allocated_commodity': 0.0, 'allocated_currency': 0.0, 'block_by_trade_equity': 0.0, 'block_by_trade_fno': 0.0, 'block_by_trade_commodity': 0.0, 'block_by_trade_currency': 0.0, 'block_by_trade_balance': 0.0, 'unallocated_balance': '10.72'}, 'Status': 200, 'Error': None}
2025-07-23 17:37:50,105 - <Response [200]>
2025-07-23 17:37:50,106 - Customer Details response: {'Success': {'exg_trade_date': {'NSE': '24-Jul-2025', 'BSE': '24-Jul-2025', 'FNO': '23-Jul-2025', 'NDX': '19-May-2025'}, 'exg_status': {'NSE': 'C', 'BSE': 'C', 'FNO': 'Y', 'NDX': 'X'}, 'segments_allowed': {'Trading': 'Y', 'Equity': 'Y', 'Derivatives': 'Y', 'Currency': 'Z'}, 'idirect_userid': 'AE585479', 'idirect_user_name': 'VIJAY WILSON NIRMAL', 'idirect_ORD_TYP': 'N', 'idirect_lastlogin_time': '23-Jul-2025 17:37:50', 'mf_holding_mode_popup_flg': 'N', 'commodity_exchange_status': 'Y', 'commodity_trade_date': '23-Jul-2025', 'commodity_allowed': 'C'}, 'Status': 200, 'Error': None}
2025-07-23 17:37:50,432 - <Response [200]>
2025-07-23 17:37:50,433 - Get funds response: {'Success': {'bank_account': '336801001395', 'total_bank_balance': 0.0, 'allocated_equity': 0.0, 'allocated_fno': 0.0, 'allocated_commodity': 0.0, 'allocated_currency': 0.0, 'block_by_trade_equity': 0.0, 'block_by_trade_fno': 0.0, 'block_by_trade_commodity': 0.0, 'block_by_trade_currency': 0.0, 'block_by_trade_balance': 0.0, 'unallocated_balance': '10.72'}, 'Status': 200, 'Error': None}
2025-07-23 17:58:12,954 - <Response [200]>
2025-07-23 17:58:12,954 - Customer Details response: {'Success': {'exg_trade_date': {'NSE': '24-Jul-2025', 'BSE': '24-Jul-2025', 'FNO': '23-Jul-2025', 'NDX': '19-May-2025'}, 'exg_status': {'NSE': 'C', 'BSE': 'C', 'FNO': 'Y', 'NDX': 'X'}, 'segments_allowed': {'Trading': 'Y', 'Equity': 'Y', 'Derivatives': 'Y', 'Currency': 'Z'}, 'idirect_userid': 'AE585479', 'idirect_user_name': 'VIJAY WILSON NIRMAL', 'idirect_ORD_TYP': 'N', 'idirect_lastlogin_time': '23-Jul-2025 17:58:13', 'mf_holding_mode_popup_flg': 'N', 'commodity_exchange_status': 'Y', 'commodity_trade_date': '23-Jul-2025', 'commodity_allowed': 'C'}, 'Status': 200, 'Error': None}
2025-07-23 17:58:13,242 - <Response [200]>
2025-07-23 17:58:13,243 - Get funds response: {'Success': {'bank_account': '336801001395', 'total_bank_balance': 0.0, 'allocated_equity': 0.0, 'allocated_fno': 0.0, 'allocated_commodity': 0.0, 'allocated_currency': 0.0, 'block_by_trade_equity': 0.0, 'block_by_trade_fno': 0.0, 'block_by_trade_commodity': 0.0, 'block_by_trade_currency': 0.0, 'block_by_trade_balance': 0.0, 'unallocated_balance': '10.72'}, 'Status': 200, 'Error': None}
2025-07-24 02:28:44,151 - <Response [200]>
2025-07-24 02:28:44,151 - Get funds response: {'Success': {'bank_account': '336801001395', 'total_bank_balance': 0.0, 'allocated_equity': 0.0, 'allocated_fno': 0.0, 'allocated_commodity': 0.0, 'allocated_currency': 0.0, 'block_by_trade_equity': 0.0, 'block_by_trade_fno': 0.0, 'block_by_trade_commodity': 0.0, 'block_by_trade_currency': 0.0, 'block_by_trade_balance': 0.0, 'unallocated_balance': '10.72'}, 'Status': 200, 'Error': None}
2025-07-24 02:29:48,607 - <Response [200]>
2025-07-24 02:29:48,608 - Customer Details response: {'Success': {'exg_trade_date': {'NSE': '24-Jul-2025', 'BSE': '24-Jul-2025', 'FNO': '24-Jul-2025', 'NDX': '19-May-2025'}, 'exg_status': {'NSE': 'C', 'BSE': 'C', 'FNO': 'Y', 'NDX': 'X'}, 'segments_allowed': {'Trading': 'Y', 'Equity': 'Y', 'Derivatives': 'Y', 'Currency': 'Z'}, 'idirect_userid': 'AE585479', 'idirect_user_name': 'VIJAY WILSON NIRMAL', 'idirect_ORD_TYP': 'N', 'idirect_lastlogin_time': '24-Jul-2025 02:29:48', 'mf_holding_mode_popup_flg': 'N', 'commodity_exchange_status': 'Y', 'commodity_trade_date': '23-Jul-2025', 'commodity_allowed': 'C'}, 'Status': 200, 'Error': None}
2025-07-24 02:29:48,989 - <Response [200]>
2025-07-24 02:29:48,990 - Get funds response: {'Success': {'bank_account': '336801001395', 'total_bank_balance': 0.0, 'allocated_equity': 0.0, 'allocated_fno': 0.0, 'allocated_commodity': 0.0, 'allocated_currency': 0.0, 'block_by_trade_equity': 0.0, 'block_by_trade_fno': 0.0, 'block_by_trade_commodity': 0.0, 'block_by_trade_currency': 0.0, 'block_by_trade_balance': 0.0, 'unallocated_balance': '10.72'}, 'Status': 200, 'Error': None}
2025-07-24 02:29:53,338 - <Response [200]>
2025-07-24 02:29:53,338 - Get funds response: {'Success': {'bank_account': '336801001395', 'total_bank_balance': 0.0, 'allocated_equity': 0.0, 'allocated_fno': 0.0, 'allocated_commodity': 0.0, 'allocated_currency': 0.0, 'block_by_trade_equity': 0.0, 'block_by_trade_fno': 0.0, 'block_by_trade_commodity': 0.0, 'block_by_trade_currency': 0.0, 'block_by_trade_balance': 0.0, 'unallocated_balance': '10.72'}, 'Status': 200, 'Error': None}
2025-07-24 02:30:25,901 - <Response [200]>
2025-07-24 02:30:25,902 - Get funds response: {'Success': {'bank_account': '336801001395', 'total_bank_balance': 0.0, 'allocated_equity': 0.0, 'allocated_fno': 0.0, 'allocated_commodity': 0.0, 'allocated_currency': 0.0, 'block_by_trade_equity': 0.0, 'block_by_trade_fno': 0.0, 'block_by_trade_commodity': 0.0, 'block_by_trade_currency': 0.0, 'block_by_trade_balance': 0.0, 'unallocated_balance': '10.72'}, 'Status': 200, 'Error': None}
2025-07-24 02:30:43,287 - <Response [200]>
2025-07-24 02:30:43,288 - Get funds response: {'Success': {'bank_account': '336801001395', 'total_bank_balance': 0.0, 'allocated_equity': 0.0, 'allocated_fno': 0.0, 'allocated_commodity': 0.0, 'allocated_currency': 0.0, 'block_by_trade_equity': 0.0, 'block_by_trade_fno': 0.0, 'block_by_trade_commodity': 0.0, 'block_by_trade_currency': 0.0, 'block_by_trade_balance': 0.0, 'unallocated_balance': '10.72'}, 'Status': 200, 'Error': None}
2025-07-24 02:30:54,205 - <Response [200]>
2025-07-24 02:30:54,206 - Get funds response: {'Success': {'bank_account': '336801001395', 'total_bank_balance': 0.0, 'allocated_equity': 0.0, 'allocated_fno': 0.0, 'allocated_commodity': 0.0, 'allocated_currency': 0.0, 'block_by_trade_equity': 0.0, 'block_by_trade_fno': 0.0, 'block_by_trade_commodity': 0.0, 'block_by_trade_currency': 0.0, 'block_by_trade_balance': 0.0, 'unallocated_balance': '10.72'}, 'Status': 200, 'Error': None}
2025-07-24 02:31:25,968 - <Response [200]>
2025-07-24 02:31:25,969 - Get funds response: {'Success': {'bank_account': '336801001395', 'total_bank_balance': 0.0, 'allocated_equity': 0.0, 'allocated_fno': 0.0, 'allocated_commodity': 0.0, 'allocated_currency': 0.0, 'block_by_trade_equity': 0.0, 'block_by_trade_fno': 0.0, 'block_by_trade_commodity': 0.0, 'block_by_trade_currency': 0.0, 'block_by_trade_balance': 0.0, 'unallocated_balance': '10.72'}, 'Status': 200, 'Error': None}
2025-07-24 02:31:56,604 - <Response [200]>
2025-07-24 02:31:56,604 - Get funds response: {'Success': {'bank_account': '336801001395', 'total_bank_balance': 0.0, 'allocated_equity': 0.0, 'allocated_fno': 0.0, 'allocated_commodity': 0.0, 'allocated_currency': 0.0, 'block_by_trade_equity': 0.0, 'block_by_trade_fno': 0.0, 'block_by_trade_commodity': 0.0, 'block_by_trade_currency': 0.0, 'block_by_trade_balance': 0.0, 'unallocated_balance': '10.72'}, 'Status': 200, 'Error': None}
2025-07-24 02:32:26,302 - <Response [200]>
2025-07-24 02:32:26,304 - Get funds response: {'Success': {'bank_account': '336801001395', 'total_bank_balance': 0.0, 'allocated_equity': 0.0, 'allocated_fno': 0.0, 'allocated_commodity': 0.0, 'allocated_currency': 0.0, 'block_by_trade_equity': 0.0, 'block_by_trade_fno': 0.0, 'block_by_trade_commodity': 0.0, 'block_by_trade_currency': 0.0, 'block_by_trade_balance': 0.0, 'unallocated_balance': '10.72'}, 'Status': 200, 'Error': None}
2025-07-24 02:32:53,655 - <Response [200]>
2025-07-24 02:32:53,655 - Get funds response: {'Success': {'bank_account': '336801001395', 'total_bank_balance': 0.0, 'allocated_equity': 0.0, 'allocated_fno': 0.0, 'allocated_commodity': 0.0, 'allocated_currency': 0.0, 'block_by_trade_equity': 0.0, 'block_by_trade_fno': 0.0, 'block_by_trade_commodity': 0.0, 'block_by_trade_currency': 0.0, 'block_by_trade_balance': 0.0, 'unallocated_balance': '10.72'}, 'Status': 200, 'Error': None}
2025-07-24 02:33:22,788 - <Response [200]>
2025-07-24 02:33:22,789 - Get funds response: {'Success': {'bank_account': '336801001395', 'total_bank_balance': 0.0, 'allocated_equity': 0.0, 'allocated_fno': 0.0, 'allocated_commodity': 0.0, 'allocated_currency': 0.0, 'block_by_trade_equity': 0.0, 'block_by_trade_fno': 0.0, 'block_by_trade_commodity': 0.0, 'block_by_trade_currency': 0.0, 'block_by_trade_balance': 0.0, 'unallocated_balance': '10.72'}, 'Status': 200, 'Error': None}
2025-07-24 02:34:08,382 - <Response [200]>
2025-07-24 02:34:08,383 - Get funds response: {'Success': {'bank_account': '336801001395', 'total_bank_balance': 0.0, 'allocated_equity': 0.0, 'allocated_fno': 0.0, 'allocated_commodity': 0.0, 'allocated_currency': 0.0, 'block_by_trade_equity': 0.0, 'block_by_trade_fno': 0.0, 'block_by_trade_commodity': 0.0, 'block_by_trade_currency': 0.0, 'block_by_trade_balance': 0.0, 'unallocated_balance': '10.72'}, 'Status': 200, 'Error': None}
2025-07-24 02:35:08,449 - <Response [200]>
2025-07-24 02:35:08,450 - Get funds response: {'Success': {'bank_account': '336801001395', 'total_bank_balance': 0.0, 'allocated_equity': 0.0, 'allocated_fno': 0.0, 'allocated_commodity': 0.0, 'allocated_currency': 0.0, 'block_by_trade_equity': 0.0, 'block_by_trade_fno': 0.0, 'block_by_trade_commodity': 0.0, 'block_by_trade_currency': 0.0, 'block_by_trade_balance': 0.0, 'unallocated_balance': '10.72'}, 'Status': 200, 'Error': None}
2025-07-24 02:35:24,666 - <Response [200]>
2025-07-24 02:35:24,666 - Get funds response: {'Success': {'bank_account': '336801001395', 'total_bank_balance': 0.0, 'allocated_equity': 0.0, 'allocated_fno': 0.0, 'allocated_commodity': 0.0, 'allocated_currency': 0.0, 'block_by_trade_equity': 0.0, 'block_by_trade_fno': 0.0, 'block_by_trade_commodity': 0.0, 'block_by_trade_currency': 0.0, 'block_by_trade_balance': 0.0, 'unallocated_balance': '10.72'}, 'Status': 200, 'Error': None}
2025-07-24 02:35:55,657 - <Response [200]>
2025-07-24 02:35:55,658 - Get funds response: {'Success': {'bank_account': '336801001395', 'total_bank_balance': 0.0, 'allocated_equity': 0.0, 'allocated_fno': 0.0, 'allocated_commodity': 0.0, 'allocated_currency': 0.0, 'block_by_trade_equity': 0.0, 'block_by_trade_fno': 0.0, 'block_by_trade_commodity': 0.0, 'block_by_trade_currency': 0.0, 'block_by_trade_balance': 0.0, 'unallocated_balance': '10.72'}, 'Status': 200, 'Error': None}
2025-07-24 02:36:24,960 - <Response [200]>
2025-07-24 02:36:24,960 - Get funds response: {'Success': {'bank_account': '336801001395', 'total_bank_balance': 0.0, 'allocated_equity': 0.0, 'allocated_fno': 0.0, 'allocated_commodity': 0.0, 'allocated_currency': 0.0, 'block_by_trade_equity': 0.0, 'block_by_trade_fno': 0.0, 'block_by_trade_commodity': 0.0, 'block_by_trade_currency': 0.0, 'block_by_trade_balance': 0.0, 'unallocated_balance': '10.72'}, 'Status': 200, 'Error': None}
2025-07-24 02:36:55,591 - <Response [200]>
2025-07-24 02:36:55,592 - Get funds response: {'Success': {'bank_account': '336801001395', 'total_bank_balance': 0.0, 'allocated_equity': 0.0, 'allocated_fno': 0.0, 'allocated_commodity': 0.0, 'allocated_currency': 0.0, 'block_by_trade_equity': 0.0, 'block_by_trade_fno': 0.0, 'block_by_trade_commodity': 0.0, 'block_by_trade_currency': 0.0, 'block_by_trade_balance': 0.0, 'unallocated_balance': '10.72'}, 'Status': 200, 'Error': None}
2025-07-24 02:37:24,841 - <Response [200]>
2025-07-24 02:37:24,841 - Get funds response: {'Success': {'bank_account': '336801001395', 'total_bank_balance': 0.0, 'allocated_equity': 0.0, 'allocated_fno': 0.0, 'allocated_commodity': 0.0, 'allocated_currency': 0.0, 'block_by_trade_equity': 0.0, 'block_by_trade_fno': 0.0, 'block_by_trade_commodity': 0.0, 'block_by_trade_currency': 0.0, 'block_by_trade_balance': 0.0, 'unallocated_balance': '10.72'}, 'Status': 200, 'Error': None}
2025-07-24 02:37:57,980 - <Response [200]>
2025-07-24 02:37:57,980 - Get funds response: {'Success': {'bank_account': '336801001395', 'total_bank_balance': 0.0, 'allocated_equity': 0.0, 'allocated_fno': 0.0, 'allocated_commodity': 0.0, 'allocated_currency': 0.0, 'block_by_trade_equity': 0.0, 'block_by_trade_fno': 0.0, 'block_by_trade_commodity': 0.0, 'block_by_trade_currency': 0.0, 'block_by_trade_balance': 0.0, 'unallocated_balance': '10.72'}, 'Status': 200, 'Error': None}
2025-07-24 02:38:22,040 - <Response [200]>
2025-07-24 02:38:22,041 - Get funds response: {'Success': {'bank_account': '336801001395', 'total_bank_balance': 0.0, 'allocated_equity': 0.0, 'allocated_fno': 0.0, 'allocated_commodity': 0.0, 'allocated_currency': 0.0, 'block_by_trade_equity': 0.0, 'block_by_trade_fno': 0.0, 'block_by_trade_commodity': 0.0, 'block_by_trade_currency': 0.0, 'block_by_trade_balance': 0.0, 'unallocated_balance': '10.72'}, 'Status': 200, 'Error': None}
2025-07-24 02:39:08,131 - <Response [200]>
2025-07-24 02:39:08,131 - Get funds response: {'Success': {'bank_account': '336801001395', 'total_bank_balance': 0.0, 'allocated_equity': 0.0, 'allocated_fno': 0.0, 'allocated_commodity': 0.0, 'allocated_currency': 0.0, 'block_by_trade_equity': 0.0, 'block_by_trade_fno': 0.0, 'block_by_trade_commodity': 0.0, 'block_by_trade_currency': 0.0, 'block_by_trade_balance': 0.0, 'unallocated_balance': '10.72'}, 'Status': 200, 'Error': None}
2025-07-24 02:39:26,484 - <Response [200]>
2025-07-24 02:39:26,485 - Get funds response: {'Success': {'bank_account': '336801001395', 'total_bank_balance': 0.0, 'allocated_equity': 0.0, 'allocated_fno': 0.0, 'allocated_commodity': 0.0, 'allocated_currency': 0.0, 'block_by_trade_equity': 0.0, 'block_by_trade_fno': 0.0, 'block_by_trade_commodity': 0.0, 'block_by_trade_currency': 0.0, 'block_by_trade_balance': 0.0, 'unallocated_balance': '10.72'}, 'Status': 200, 'Error': None}
2025-07-24 02:39:55,517 - <Response [200]>
2025-07-24 02:39:55,517 - Get funds response: {'Success': {'bank_account': '336801001395', 'total_bank_balance': 0.0, 'allocated_equity': 0.0, 'allocated_fno': 0.0, 'allocated_commodity': 0.0, 'allocated_currency': 0.0, 'block_by_trade_equity': 0.0, 'block_by_trade_fno': 0.0, 'block_by_trade_commodity': 0.0, 'block_by_trade_currency': 0.0, 'block_by_trade_balance': 0.0, 'unallocated_balance': '10.72'}, 'Status': 200, 'Error': None}
2025-07-24 02:40:25,635 - <Response [200]>
2025-07-24 02:40:25,636 - Get funds response: {'Success': {'bank_account': '336801001395', 'total_bank_balance': 0.0, 'allocated_equity': 0.0, 'allocated_fno': 0.0, 'allocated_commodity': 0.0, 'allocated_currency': 0.0, 'block_by_trade_equity': 0.0, 'block_by_trade_fno': 0.0, 'block_by_trade_commodity': 0.0, 'block_by_trade_currency': 0.0, 'block_by_trade_balance': 0.0, 'unallocated_balance': '10.72'}, 'Status': 200, 'Error': None}
2025-07-24 02:41:08,612 - <Response [200]>
2025-07-24 02:41:08,612 - Get funds response: {'Success': {'bank_account': '336801001395', 'total_bank_balance': 0.0, 'allocated_equity': 0.0, 'allocated_fno': 0.0, 'allocated_commodity': 0.0, 'allocated_currency': 0.0, 'block_by_trade_equity': 0.0, 'block_by_trade_fno': 0.0, 'block_by_trade_commodity': 0.0, 'block_by_trade_currency': 0.0, 'block_by_trade_balance': 0.0, 'unallocated_balance': '10.72'}, 'Status': 200, 'Error': None}
2025-07-24 02:41:30,458 - <Response [200]>
2025-07-24 02:41:30,458 - Get funds response: {'Success': {'bank_account': '336801001395', 'total_bank_balance': 0.0, 'allocated_equity': 0.0, 'allocated_fno': 0.0, 'allocated_commodity': 0.0, 'allocated_currency': 0.0, 'block_by_trade_equity': 0.0, 'block_by_trade_fno': 0.0, 'block_by_trade_commodity': 0.0, 'block_by_trade_currency': 0.0, 'block_by_trade_balance': 0.0, 'unallocated_balance': '10.72'}, 'Status': 200, 'Error': None}
2025-07-24 02:41:53,826 - <Response [200]>
2025-07-24 02:41:53,826 - Get funds response: {'Success': {'bank_account': '336801001395', 'total_bank_balance': 0.0, 'allocated_equity': 0.0, 'allocated_fno': 0.0, 'allocated_commodity': 0.0, 'allocated_currency': 0.0, 'block_by_trade_equity': 0.0, 'block_by_trade_fno': 0.0, 'block_by_trade_commodity': 0.0, 'block_by_trade_currency': 0.0, 'block_by_trade_balance': 0.0, 'unallocated_balance': '10.72'}, 'Status': 200, 'Error': None}
2025-07-24 02:42:24,373 - <Response [200]>
2025-07-24 02:42:24,373 - Get funds response: {'Success': {'bank_account': '336801001395', 'total_bank_balance': 0.0, 'allocated_equity': 0.0, 'allocated_fno': 0.0, 'allocated_commodity': 0.0, 'allocated_currency': 0.0, 'block_by_trade_equity': 0.0, 'block_by_trade_fno': 0.0, 'block_by_trade_commodity': 0.0, 'block_by_trade_currency': 0.0, 'block_by_trade_balance': 0.0, 'unallocated_balance': '10.72'}, 'Status': 200, 'Error': None}
2025-07-24 02:42:57,484 - <Response [200]>
2025-07-24 02:42:57,484 - Get funds response: {'Success': None, 'Status': 500, 'Error': ''}
2025-07-24 02:43:24,556 - <Response [200]>
2025-07-24 02:43:24,556 - Get funds response: {'Success': {'bank_account': '336801001395', 'total_bank_balance': 0.0, 'allocated_equity': 0.0, 'allocated_fno': 0.0, 'allocated_commodity': 0.0, 'allocated_currency': 0.0, 'block_by_trade_equity': 0.0, 'block_by_trade_fno': 0.0, 'block_by_trade_commodity': 0.0, 'block_by_trade_currency': 0.0, 'block_by_trade_balance': 0.0, 'unallocated_balance': '10.72'}, 'Status': 200, 'Error': None}
2025-07-24 02:44:13,075 - <Response [200]>
2025-07-24 02:44:13,075 - Get funds response: {'Success': {'bank_account': '336801001395', 'total_bank_balance': 0.0, 'allocated_equity': 0.0, 'allocated_fno': 0.0, 'allocated_commodity': 0.0, 'allocated_currency': 0.0, 'block_by_trade_equity': 0.0, 'block_by_trade_fno': 0.0, 'block_by_trade_commodity': 0.0, 'block_by_trade_currency': 0.0, 'block_by_trade_balance': 0.0, 'unallocated_balance': '10.72'}, 'Status': 200, 'Error': None}
2025-07-24 02:44:20,294 - <Response [200]>
2025-07-24 02:44:20,294 - Set funds response : {'Success': {'status': 'Success'}, 'Status': 200, 'Error': None}
2025-07-24 02:44:28,095 - <Response [200]>
2025-07-24 02:44:28,096 - Get funds response: {'Success': {'bank_account': '336801001395', 'total_bank_balance': 10.0, 'allocated_equity': 10.0, 'allocated_fno': 0.0, 'allocated_commodity': 0.0, 'allocated_currency': 0.0, 'block_by_trade_equity': 0.0, 'block_by_trade_fno': 0.0, 'block_by_trade_commodity': 0.0, 'block_by_trade_currency': 0.0, 'block_by_trade_balance': 0.0, 'unallocated_balance': '0.72'}, 'Status': 200, 'Error': None}
2025-07-24 02:44:32,530 - <Response [200]>
2025-07-24 02:44:32,531 - Get funds response: {'Success': {'bank_account': '336801001395', 'total_bank_balance': 10.0, 'allocated_equity': 10.0, 'allocated_fno': 0.0, 'allocated_commodity': 0.0, 'allocated_currency': 0.0, 'block_by_trade_equity': 0.0, 'block_by_trade_fno': 0.0, 'block_by_trade_commodity': 0.0, 'block_by_trade_currency': 0.0, 'block_by_trade_balance': 0.0, 'unallocated_balance': '0.72'}, 'Status': 200, 'Error': None}
2025-07-24 02:44:51,431 - <Response [200]>
2025-07-24 02:44:51,431 - Set funds response : {'Success': {'status': 'Success'}, 'Status': 200, 'Error': None}
2025-07-24 02:44:55,130 - <Response [200]>
2025-07-24 02:44:55,130 - Get funds response: {'Success': {'bank_account': '336801001395', 'total_bank_balance': 0.0, 'allocated_equity': 0.0, 'allocated_fno': 0.0, 'allocated_commodity': 0.0, 'allocated_currency': 0.0, 'block_by_trade_equity': 0.0, 'block_by_trade_fno': 0.0, 'block_by_trade_commodity': 0.0, 'block_by_trade_currency': 0.0, 'block_by_trade_balance': 0.0, 'unallocated_balance': '10.72'}, 'Status': 200, 'Error': None}
2025-07-24 02:45:00,116 - <Response [200]>
2025-07-24 02:45:00,116 - Get funds response: {'Success': {'bank_account': '336801001395', 'total_bank_balance': 0.0, 'allocated_equity': 0.0, 'allocated_fno': 0.0, 'allocated_commodity': 0.0, 'allocated_currency': 0.0, 'block_by_trade_equity': 0.0, 'block_by_trade_fno': 0.0, 'block_by_trade_commodity': 0.0, 'block_by_trade_currency': 0.0, 'block_by_trade_balance': 0.0, 'unallocated_balance': '10.72'}, 'Status': 200, 'Error': None}
2025-07-24 02:45:24,584 - <Response [200]>
2025-07-24 02:45:24,584 - Get funds response: {'Success': {'bank_account': '336801001395', 'total_bank_balance': 0.0, 'allocated_equity': 0.0, 'allocated_fno': 0.0, 'allocated_commodity': 0.0, 'allocated_currency': 0.0, 'block_by_trade_equity': 0.0, 'block_by_trade_fno': 0.0, 'block_by_trade_commodity': 0.0, 'block_by_trade_currency': 0.0, 'block_by_trade_balance': 0.0, 'unallocated_balance': '10.72'}, 'Status': 200, 'Error': None}
2025-07-24 02:45:59,036 - <Response [200]>
2025-07-24 02:45:59,036 - Get funds response: {'Success': {'bank_account': '336801001395', 'total_bank_balance': 0.0, 'allocated_equity': 0.0, 'allocated_fno': 0.0, 'allocated_commodity': 0.0, 'allocated_currency': 0.0, 'block_by_trade_equity': 0.0, 'block_by_trade_fno': 0.0, 'block_by_trade_commodity': 0.0, 'block_by_trade_currency': 0.0, 'block_by_trade_balance': 0.0, 'unallocated_balance': '10.72'}, 'Status': 200, 'Error': None}
2025-07-24 02:46:32,056 - <Response [200]>
2025-07-24 02:46:32,057 - Get funds response: {'Success': {'bank_account': '336801001395', 'total_bank_balance': 0.0, 'allocated_equity': 0.0, 'allocated_fno': 0.0, 'allocated_commodity': 0.0, 'allocated_currency': 0.0, 'block_by_trade_equity': 0.0, 'block_by_trade_fno': 0.0, 'block_by_trade_commodity': 0.0, 'block_by_trade_currency': 0.0, 'block_by_trade_balance': 0.0, 'unallocated_balance': '10.72'}, 'Status': 200, 'Error': None}
2025-07-24 02:46:58,704 - <Response [200]>
2025-07-24 02:46:58,705 - Get funds response: {'Success': {'bank_account': '336801001395', 'total_bank_balance': 0.0, 'allocated_equity': 0.0, 'allocated_fno': 0.0, 'allocated_commodity': 0.0, 'allocated_currency': 0.0, 'block_by_trade_equity': 0.0, 'block_by_trade_fno': 0.0, 'block_by_trade_commodity': 0.0, 'block_by_trade_currency': 0.0, 'block_by_trade_balance': 0.0, 'unallocated_balance': '10.72'}, 'Status': 200, 'Error': None}
2025-07-24 02:47:25,558 - <Response [200]>
2025-07-24 02:47:25,558 - Get funds response: {'Success': {'bank_account': '336801001395', 'total_bank_balance': 0.0, 'allocated_equity': 0.0, 'allocated_fno': 0.0, 'allocated_commodity': 0.0, 'allocated_currency': 0.0, 'block_by_trade_equity': 0.0, 'block_by_trade_fno': 0.0, 'block_by_trade_commodity': 0.0, 'block_by_trade_currency': 0.0, 'block_by_trade_balance': 0.0, 'unallocated_balance': '10.72'}, 'Status': 200, 'Error': None}
2025-07-24 02:47:59,148 - <Response [200]>
2025-07-24 02:47:59,148 - Get funds response: {'Success': {'bank_account': '336801001395', 'total_bank_balance': 0.0, 'allocated_equity': 0.0, 'allocated_fno': 0.0, 'allocated_commodity': 0.0, 'allocated_currency': 0.0, 'block_by_trade_equity': 0.0, 'block_by_trade_fno': 0.0, 'block_by_trade_commodity': 0.0, 'block_by_trade_currency': 0.0, 'block_by_trade_balance': 0.0, 'unallocated_balance': '10.72'}, 'Status': 200, 'Error': None}
2025-07-24 02:48:26,567 - <Response [200]>
2025-07-24 02:48:26,567 - Get funds response: {'Success': {'bank_account': '336801001395', 'total_bank_balance': 0.0, 'allocated_equity': 0.0, 'allocated_fno': 0.0, 'allocated_commodity': 0.0, 'allocated_currency': 0.0, 'block_by_trade_equity': 0.0, 'block_by_trade_fno': 0.0, 'block_by_trade_commodity': 0.0, 'block_by_trade_currency': 0.0, 'block_by_trade_balance': 0.0, 'unallocated_balance': '10.72'}, 'Status': 200, 'Error': None}
2025-07-24 02:49:11,251 - <Response [200]>
2025-07-24 02:49:11,251 - Get funds response: {'Success': {'bank_account': '336801001395', 'total_bank_balance': 0.0, 'allocated_equity': 0.0, 'allocated_fno': 0.0, 'allocated_commodity': 0.0, 'allocated_currency': 0.0, 'block_by_trade_equity': 0.0, 'block_by_trade_fno': 0.0, 'block_by_trade_commodity': 0.0, 'block_by_trade_currency': 0.0, 'block_by_trade_balance': 0.0, 'unallocated_balance': '10.72'}, 'Status': 200, 'Error': None}
2025-07-24 02:50:10,256 - <Response [200]>
2025-07-24 02:50:10,256 - Get funds response: {'Success': {'bank_account': '336801001395', 'total_bank_balance': 0.0, 'allocated_equity': 0.0, 'allocated_fno': 0.0, 'allocated_commodity': 0.0, 'allocated_currency': 0.0, 'block_by_trade_equity': 0.0, 'block_by_trade_fno': 0.0, 'block_by_trade_commodity': 0.0, 'block_by_trade_currency': 0.0, 'block_by_trade_balance': 0.0, 'unallocated_balance': '10.72'}, 'Status': 200, 'Error': None}
2025-07-24 02:51:07,473 - <Response [200]>
2025-07-24 02:51:07,473 - Get funds response: {'Success': {'bank_account': '336801001395', 'total_bank_balance': 0.0, 'allocated_equity': 0.0, 'allocated_fno': 0.0, 'allocated_commodity': 0.0, 'allocated_currency': 0.0, 'block_by_trade_equity': 0.0, 'block_by_trade_fno': 0.0, 'block_by_trade_commodity': 0.0, 'block_by_trade_currency': 0.0, 'block_by_trade_balance': 0.0, 'unallocated_balance': '10.72'}, 'Status': 200, 'Error': None}
2025-07-24 02:52:09,076 - <Response [200]>
2025-07-24 02:52:09,077 - Get funds response: {'Success': {'bank_account': '336801001395', 'total_bank_balance': 0.0, 'allocated_equity': 0.0, 'allocated_fno': 0.0, 'allocated_commodity': 0.0, 'allocated_currency': 0.0, 'block_by_trade_equity': 0.0, 'block_by_trade_fno': 0.0, 'block_by_trade_commodity': 0.0, 'block_by_trade_currency': 0.0, 'block_by_trade_balance': 0.0, 'unallocated_balance': '10.72'}, 'Status': 200, 'Error': None}
2025-07-24 02:52:26,685 - <Response [200]>
2025-07-24 02:52:26,685 - Get funds response: {'Success': {'bank_account': '336801001395', 'total_bank_balance': 0.0, 'allocated_equity': 0.0, 'allocated_fno': 0.0, 'allocated_commodity': 0.0, 'allocated_currency': 0.0, 'block_by_trade_equity': 0.0, 'block_by_trade_fno': 0.0, 'block_by_trade_commodity': 0.0, 'block_by_trade_currency': 0.0, 'block_by_trade_balance': 0.0, 'unallocated_balance': '10.72'}, 'Status': 200, 'Error': None}
2025-07-24 02:52:57,727 - <Response [200]>
2025-07-24 02:52:57,727 - Get funds response: {'Success': {'bank_account': '336801001395', 'total_bank_balance': 0.0, 'allocated_equity': 0.0, 'allocated_fno': 0.0, 'allocated_commodity': 0.0, 'allocated_currency': 0.0, 'block_by_trade_equity': 0.0, 'block_by_trade_fno': 0.0, 'block_by_trade_commodity': 0.0, 'block_by_trade_currency': 0.0, 'block_by_trade_balance': 0.0, 'unallocated_balance': '10.72'}, 'Status': 200, 'Error': None}
2025-07-24 02:53:54,084 - <Response [200]>
2025-07-24 02:53:54,084 - Get funds response: {'Success': {'bank_account': '336801001395', 'total_bank_balance': 0.0, 'allocated_equity': 0.0, 'allocated_fno': 0.0, 'allocated_commodity': 0.0, 'allocated_currency': 0.0, 'block_by_trade_equity': 0.0, 'block_by_trade_fno': 0.0, 'block_by_trade_commodity': 0.0, 'block_by_trade_currency': 0.0, 'block_by_trade_balance': 0.0, 'unallocated_balance': '10.72'}, 'Status': 200, 'Error': None}
2025-07-24 02:53:59,502 - <Response [200]>
2025-07-24 02:53:59,502 - Get funds response: {'Success': {'bank_account': '336801001395', 'total_bank_balance': 0.0, 'allocated_equity': 0.0, 'allocated_fno': 0.0, 'allocated_commodity': 0.0, 'allocated_currency': 0.0, 'block_by_trade_equity': 0.0, 'block_by_trade_fno': 0.0, 'block_by_trade_commodity': 0.0, 'block_by_trade_currency': 0.0, 'block_by_trade_balance': 0.0, 'unallocated_balance': '10.72'}, 'Status': 200, 'Error': None}
2025-07-24 02:54:26,590 - <Response [200]>
2025-07-24 02:54:26,591 - Get funds response: {'Success': {'bank_account': '336801001395', 'total_bank_balance': 0.0, 'allocated_equity': 0.0, 'allocated_fno': 0.0, 'allocated_commodity': 0.0, 'allocated_currency': 0.0, 'block_by_trade_equity': 0.0, 'block_by_trade_fno': 0.0, 'block_by_trade_commodity': 0.0, 'block_by_trade_currency': 0.0, 'block_by_trade_balance': 0.0, 'unallocated_balance': '10.72'}, 'Status': 200, 'Error': None}
2025-07-24 02:54:56,812 - <Response [200]>
2025-07-24 02:54:56,812 - Get funds response: {'Success': {'bank_account': '336801001395', 'total_bank_balance': 0.0, 'allocated_equity': 0.0, 'allocated_fno': 0.0, 'allocated_commodity': 0.0, 'allocated_currency': 0.0, 'block_by_trade_equity': 0.0, 'block_by_trade_fno': 0.0, 'block_by_trade_commodity': 0.0, 'block_by_trade_currency': 0.0, 'block_by_trade_balance': 0.0, 'unallocated_balance': '10.72'}, 'Status': 200, 'Error': None}
2025-07-24 02:55:58,967 - <Response [200]>
2025-07-24 02:55:58,968 - Get funds response: {'Success': {'bank_account': '336801001395', 'total_bank_balance': 0.0, 'allocated_equity': 0.0, 'allocated_fno': 0.0, 'allocated_commodity': 0.0, 'allocated_currency': 0.0, 'block_by_trade_equity': 0.0, 'block_by_trade_fno': 0.0, 'block_by_trade_commodity': 0.0, 'block_by_trade_currency': 0.0, 'block_by_trade_balance': 0.0, 'unallocated_balance': '10.72'}, 'Status': 200, 'Error': None}
2025-07-24 02:56:59,010 - <Response [200]>
2025-07-24 02:56:59,010 - Get funds response: {'Success': {'bank_account': '336801001395', 'total_bank_balance': 0.0, 'allocated_equity': 0.0, 'allocated_fno': 0.0, 'allocated_commodity': 0.0, 'allocated_currency': 0.0, 'block_by_trade_equity': 0.0, 'block_by_trade_fno': 0.0, 'block_by_trade_commodity': 0.0, 'block_by_trade_currency': 0.0, 'block_by_trade_balance': 0.0, 'unallocated_balance': '10.72'}, 'Status': 200, 'Error': None}
2025-07-24 02:58:02,541 - <Response [200]>
2025-07-24 02:58:02,541 - Get funds response: {'Success': {'bank_account': '336801001395', 'total_bank_balance': 0.0, 'allocated_equity': 0.0, 'allocated_fno': 0.0, 'allocated_commodity': 0.0, 'allocated_currency': 0.0, 'block_by_trade_equity': 0.0, 'block_by_trade_fno': 0.0, 'block_by_trade_commodity': 0.0, 'block_by_trade_currency': 0.0, 'block_by_trade_balance': 0.0, 'unallocated_balance': '10.72'}, 'Status': 200, 'Error': None}
2025-07-24 02:59:02,844 - <Response [200]>
2025-07-24 02:59:02,844 - Get funds response: {'Success': {'bank_account': '336801001395', 'total_bank_balance': 0.0, 'allocated_equity': 0.0, 'allocated_fno': 0.0, 'allocated_commodity': 0.0, 'allocated_currency': 0.0, 'block_by_trade_equity': 0.0, 'block_by_trade_fno': 0.0, 'block_by_trade_commodity': 0.0, 'block_by_trade_currency': 0.0, 'block_by_trade_balance': 0.0, 'unallocated_balance': '10.72'}, 'Status': 200, 'Error': None}
2025-07-24 03:00:01,184 - <Response [200]>
2025-07-24 03:00:01,185 - Get funds response: {'Success': {'bank_account': '336801001395', 'total_bank_balance': 0.0, 'allocated_equity': 0.0, 'allocated_fno': 0.0, 'allocated_commodity': 0.0, 'allocated_currency': 0.0, 'block_by_trade_equity': 0.0, 'block_by_trade_fno': 0.0, 'block_by_trade_commodity': 0.0, 'block_by_trade_currency': 0.0, 'block_by_trade_balance': 0.0, 'unallocated_balance': '10.72'}, 'Status': 200, 'Error': None}
2025-07-24 03:01:02,614 - <Response [200]>
2025-07-24 03:01:02,615 - Get funds response: {'Success': {'bank_account': '336801001395', 'total_bank_balance': 0.0, 'allocated_equity': 0.0, 'allocated_fno': 0.0, 'allocated_commodity': 0.0, 'allocated_currency': 0.0, 'block_by_trade_equity': 0.0, 'block_by_trade_fno': 0.0, 'block_by_trade_commodity': 0.0, 'block_by_trade_currency': 0.0, 'block_by_trade_balance': 0.0, 'unallocated_balance': '10.72'}, 'Status': 200, 'Error': None}
2025-07-24 03:02:05,752 - <Response [200]>
2025-07-24 03:02:05,753 - Get funds response: {'Success': {'bank_account': '336801001395', 'total_bank_balance': 0.0, 'allocated_equity': 0.0, 'allocated_fno': 0.0, 'allocated_commodity': 0.0, 'allocated_currency': 0.0, 'block_by_trade_equity': 0.0, 'block_by_trade_fno': 0.0, 'block_by_trade_commodity': 0.0, 'block_by_trade_currency': 0.0, 'block_by_trade_balance': 0.0, 'unallocated_balance': '10.72'}, 'Status': 200, 'Error': None}
2025-07-24 03:03:04,469 - <Response [200]>
2025-07-24 03:03:04,470 - Get funds response: {'Success': {'bank_account': '336801001395', 'total_bank_balance': 0.0, 'allocated_equity': 0.0, 'allocated_fno': 0.0, 'allocated_commodity': 0.0, 'allocated_currency': 0.0, 'block_by_trade_equity': 0.0, 'block_by_trade_fno': 0.0, 'block_by_trade_commodity': 0.0, 'block_by_trade_currency': 0.0, 'block_by_trade_balance': 0.0, 'unallocated_balance': '10.72'}, 'Status': 200, 'Error': None}
2025-07-24 03:03:32,946 - <Response [200]>
2025-07-24 03:03:32,947 - Get funds response: {'Success': {'bank_account': '336801001395', 'total_bank_balance': 0.0, 'allocated_equity': 0.0, 'allocated_fno': 0.0, 'allocated_commodity': 0.0, 'allocated_currency': 0.0, 'block_by_trade_equity': 0.0, 'block_by_trade_fno': 0.0, 'block_by_trade_commodity': 0.0, 'block_by_trade_currency': 0.0, 'block_by_trade_balance': 0.0, 'unallocated_balance': '10.72'}, 'Status': 200, 'Error': None}
2025-07-24 03:03:56,776 - <Response [200]>
2025-07-24 03:03:56,776 - Get funds response: {'Success': {'bank_account': '336801001395', 'total_bank_balance': 0.0, 'allocated_equity': 0.0, 'allocated_fno': 0.0, 'allocated_commodity': 0.0, 'allocated_currency': 0.0, 'block_by_trade_equity': 0.0, 'block_by_trade_fno': 0.0, 'block_by_trade_commodity': 0.0, 'block_by_trade_currency': 0.0, 'block_by_trade_balance': 0.0, 'unallocated_balance': '10.72'}, 'Status': 200, 'Error': None}
2025-07-24 03:04:28,186 - <Response [200]>
2025-07-24 03:04:28,186 - Get funds response: {'Success': {'bank_account': '336801001395', 'total_bank_balance': 0.0, 'allocated_equity': 0.0, 'allocated_fno': 0.0, 'allocated_commodity': 0.0, 'allocated_currency': 0.0, 'block_by_trade_equity': 0.0, 'block_by_trade_fno': 0.0, 'block_by_trade_commodity': 0.0, 'block_by_trade_currency': 0.0, 'block_by_trade_balance': 0.0, 'unallocated_balance': '10.72'}, 'Status': 200, 'Error': None}
2025-07-24 03:04:55,838 - <Response [200]>
2025-07-24 03:04:55,838 - Get funds response: {'Success': {'bank_account': '336801001395', 'total_bank_balance': 0.0, 'allocated_equity': 0.0, 'allocated_fno': 0.0, 'allocated_commodity': 0.0, 'allocated_currency': 0.0, 'block_by_trade_equity': 0.0, 'block_by_trade_fno': 0.0, 'block_by_trade_commodity': 0.0, 'block_by_trade_currency': 0.0, 'block_by_trade_balance': 0.0, 'unallocated_balance': '10.72'}, 'Status': 200, 'Error': None}
2025-07-24 03:05:59,159 - <Response [200]>
2025-07-24 03:05:59,159 - Get funds response: {'Success': {'bank_account': '336801001395', 'total_bank_balance': 0.0, 'allocated_equity': 0.0, 'allocated_fno': 0.0, 'allocated_commodity': 0.0, 'allocated_currency': 0.0, 'block_by_trade_equity': 0.0, 'block_by_trade_fno': 0.0, 'block_by_trade_commodity': 0.0, 'block_by_trade_currency': 0.0, 'block_by_trade_balance': 0.0, 'unallocated_balance': '10.72'}, 'Status': 200, 'Error': None}
2025-07-24 03:06:58,527 - <Response [200]>
2025-07-24 03:06:58,528 - Get funds response: {'Success': {'bank_account': '336801001395', 'total_bank_balance': 0.0, 'allocated_equity': 0.0, 'allocated_fno': 0.0, 'allocated_commodity': 0.0, 'allocated_currency': 0.0, 'block_by_trade_equity': 0.0, 'block_by_trade_fno': 0.0, 'block_by_trade_commodity': 0.0, 'block_by_trade_currency': 0.0, 'block_by_trade_balance': 0.0, 'unallocated_balance': '10.72'}, 'Status': 200, 'Error': None}
2025-07-24 03:07:57,814 - <Response [200]>
2025-07-24 03:07:57,815 - Get funds response: {'Success': {'bank_account': '336801001395', 'total_bank_balance': 0.0, 'allocated_equity': 0.0, 'allocated_fno': 0.0, 'allocated_commodity': 0.0, 'allocated_currency': 0.0, 'block_by_trade_equity': 0.0, 'block_by_trade_fno': 0.0, 'block_by_trade_commodity': 0.0, 'block_by_trade_currency': 0.0, 'block_by_trade_balance': 0.0, 'unallocated_balance': '10.72'}, 'Status': 200, 'Error': None}
